[ 2016-02-22T11:41:04+08:00 ] ::1 /portal2/Root/admin.php/Public/login.html
INFO: [ app_init ] --START--
INFO: Run Behavior\BuildLiteBehavior [ RunTime:0.000049s ]
INFO: Run Common\Behavior\InitHookBehavior [ RunTime:0.002921s ]
INFO: [ app_init ] --END-- [ RunTime:0.004015s ]
INFO: [ app_begin ] --START--
INFO: Run Behavior\ReadHtmlCacheBehavior [ RunTime:0.001261s ]
INFO: [ app_begin ] --END-- [ RunTime:0.001455s ]

[ 2016-02-22T11:41:41+08:00 ] ::1 /portal2/Root/admin.php/Public/login.html
INFO: [ app_init ] --START--
INFO: Run Behavior\BuildLiteBehavior [ RunTime:0.000040s ]
INFO: Run Common\Behavior\InitHookBehavior [ RunTime:0.002927s ]
INFO: [ app_init ] --END-- [ RunTime:0.003230s ]
INFO: [ app_begin ] --START--
INFO: Run Behavior\ReadHtmlCacheBehavior [ RunTime:0.000826s ]
INFO: [ app_begin ] --END-- [ RunTime:0.001022s ]
ERR: 模板不存在:D:\wamp\www\portal2\Application/Admin/View/Public/login.html

[ 2016-02-22T11:41:53+08:00 ] ::1 /portal2/Root/admin.php/Public/login.html
INFO: [ app_init ] --START--
INFO: Run Behavior\BuildLiteBehavior [ RunTime:0.000047s ]
INFO: Run Common\Behavior\InitHookBehavior [ RunTime:0.004491s ]
INFO: [ app_init ] --END-- [ RunTime:0.005412s ]
INFO: [ app_begin ] --START--
INFO: Run Behavior\ReadHtmlCacheBehavior [ RunTime:0.001337s ]
INFO: [ app_begin ] --END-- [ RunTime:0.001579s ]

[ 2016-02-22T11:57:00+08:00 ] ::1 /portal2/Root/admin.php/Public/login.html
INFO: [ app_init ] --START--
INFO: Run Behavior\BuildLiteBehavior [ RunTime:0.000050s ]
INFO: Run Common\Behavior\InitHookBehavior [ RunTime:0.003856s ]
INFO: [ app_init ] --END-- [ RunTime:0.004808s ]
INFO: [ app_begin ] --START--
INFO: Run Behavior\ReadHtmlCacheBehavior [ RunTime:0.001017s ]
INFO: [ app_begin ] --END-- [ RunTime:0.001265s ]

[ 2016-02-22T14:23:50+08:00 ] ::1 /portal2/Root/admin.php/Public/login.html
INFO: [ app_init ] --START--
INFO: Run Behavior\BuildLiteBehavior [ RunTime:0.000038s ]
INFO: Run Common\Behavior\InitHookBehavior [ RunTime:0.003436s ]
INFO: [ app_init ] --END-- [ RunTime:0.004271s ]
INFO: [ app_begin ] --START--
INFO: Run Behavior\ReadHtmlCacheBehavior [ RunTime:0.001251s ]
INFO: [ app_begin ] --END-- [ RunTime:0.001509s ]

[ 2016-02-22T14:23:50+08:00 ] ::1 /portal2/root/admin.php?s=/public/verify.html
INFO: [ app_init ] --START--
INFO: Run Behavior\BuildLiteBehavior [ RunTime:0.000049s ]
INFO: Run Common\Behavior\InitHookBehavior [ RunTime:0.003131s ]
INFO: [ app_init ] --END-- [ RunTime:0.003998s ]
INFO: [ app_begin ] --START--
INFO: Run Behavior\ReadHtmlCacheBehavior [ RunTime:0.001137s ]
INFO: [ app_begin ] --END-- [ RunTime:0.001389s ]

[ 2016-02-22T14:24:17+08:00 ] ::1 /portal2/root/admin.php?s=/public/login.html
INFO: [ app_init ] --START--
INFO: Run Behavior\BuildLiteBehavior [ RunTime:0.000048s ]
INFO: Run Common\Behavior\InitHookBehavior [ RunTime:0.007497s ]
INFO: [ app_init ] --END-- [ RunTime:0.008613s ]
INFO: [ app_begin ] --START--
INFO: Run Behavior\ReadHtmlCacheBehavior [ RunTime:0.002049s ]
INFO: [ app_begin ] --END-- [ RunTime:0.002569s ]

[ 2016-02-22T14:24:17+08:00 ] ::1 /portal2/root/admin.php?s=/public/verify.html&random=0.042704960564151406
INFO: [ app_init ] --START--
INFO: Run Behavior\BuildLiteBehavior [ RunTime:0.000048s ]
INFO: Run Common\Behavior\InitHookBehavior [ RunTime:0.004162s ]
INFO: [ app_init ] --END-- [ RunTime:0.005093s ]
INFO: [ app_begin ] --START--
INFO: Run Behavior\ReadHtmlCacheBehavior [ RunTime:0.000861s ]
INFO: [ app_begin ] --END-- [ RunTime:0.001111s ]

[ 2016-02-22T14:24:23+08:00 ] ::1 /portal2/root/admin.php?s=/public/login.html
INFO: [ app_init ] --START--
INFO: Run Behavior\BuildLiteBehavior [ RunTime:0.000052s ]
INFO: Run Common\Behavior\InitHookBehavior [ RunTime:0.003022s ]
INFO: [ app_init ] --END-- [ RunTime:0.004001s ]
INFO: [ app_begin ] --START--
INFO: Run Behavior\ReadHtmlCacheBehavior [ RunTime:0.003675s ]
INFO: [ app_begin ] --END-- [ RunTime:0.003899s ]

[ 2016-02-22T14:24:23+08:00 ] ::1 /portal2/root/admin.php?s=/public/verify.html&random=0.9743905130308121
INFO: [ app_init ] --START--
INFO: Run Behavior\BuildLiteBehavior [ RunTime:0.000055s ]
INFO: Run Common\Behavior\InitHookBehavior [ RunTime:0.002874s ]
INFO: [ app_init ] --END-- [ RunTime:0.003880s ]
INFO: [ app_begin ] --START--
INFO: Run Behavior\ReadHtmlCacheBehavior [ RunTime:0.004796s ]
INFO: [ app_begin ] --END-- [ RunTime:0.005063s ]

[ 2016-02-22T14:24:27+08:00 ] ::1 /portal2/root/admin.php?s=/public/verify.html&random=0.13898799056187272
INFO: [ app_init ] --START--
INFO: Run Behavior\BuildLiteBehavior [ RunTime:0.000054s ]
INFO: Run Common\Behavior\InitHookBehavior [ RunTime:0.003303s ]
INFO: [ app_init ] --END-- [ RunTime:0.004330s ]
INFO: [ app_begin ] --START--
INFO: Run Behavior\ReadHtmlCacheBehavior [ RunTime:0.002126s ]
INFO: [ app_begin ] --END-- [ RunTime:0.002401s ]

[ 2016-02-22T14:24:34+08:00 ] ::1 /portal2/root/admin.php?s=/public/login.html
INFO: [ app_init ] --START--
INFO: Run Behavior\BuildLiteBehavior [ RunTime:0.000039s ]
INFO: Run Common\Behavior\InitHookBehavior [ RunTime:0.002635s ]
INFO: [ app_init ] --END-- [ RunTime:0.003654s ]
INFO: [ app_begin ] --START--
INFO: Run Behavior\ReadHtmlCacheBehavior [ RunTime:0.000904s ]
INFO: [ app_begin ] --END-- [ RunTime:0.001235s ]

[ 2016-02-22T14:24:34+08:00 ] ::1 /portal2/root/admin.php?s=/public/verify.html&random=0.20551710366271436
INFO: [ app_init ] --START--
INFO: Run Behavior\BuildLiteBehavior [ RunTime:0.000040s ]
INFO: Run Common\Behavior\InitHookBehavior [ RunTime:0.004095s ]
INFO: [ app_init ] --END-- [ RunTime:0.005186s ]
INFO: [ app_begin ] --START--
INFO: Run Behavior\ReadHtmlCacheBehavior [ RunTime:0.000909s ]
INFO: [ app_begin ] --END-- [ RunTime:0.001161s ]

[ 2016-02-22T14:24:35+08:00 ] ::1 /portal2/root/admin.php?s=/public/login.html
INFO: [ app_init ] --START--
INFO: Run Behavior\BuildLiteBehavior [ RunTime:0.000050s ]
INFO: Run Common\Behavior\InitHookBehavior [ RunTime:0.003403s ]
INFO: [ app_init ] --END-- [ RunTime:0.004356s ]
INFO: [ app_begin ] --START--
INFO: Run Behavior\ReadHtmlCacheBehavior [ RunTime:0.000766s ]
INFO: [ app_begin ] --END-- [ RunTime:0.000967s ]

[ 2016-02-22T14:24:35+08:00 ] ::1 /portal2/root/admin.php?s=/public/verify.html&random=0.8470264070201665
INFO: [ app_init ] --START--
INFO: Run Behavior\BuildLiteBehavior [ RunTime:0.000047s ]
INFO: Run Common\Behavior\InitHookBehavior [ RunTime:0.003149s ]
INFO: [ app_init ] --END-- [ RunTime:0.004031s ]
INFO: [ app_begin ] --START--
INFO: Run Behavior\ReadHtmlCacheBehavior [ RunTime:0.000810s ]
INFO: [ app_begin ] --END-- [ RunTime:0.001021s ]

[ 2016-02-22T14:24:43+08:00 ] ::1 /portal2/root/admin.php?s=/public/verify.html&random=0.5064158057793975
INFO: [ app_init ] --START--
INFO: Run Behavior\BuildLiteBehavior [ RunTime:0.000032s ]
INFO: Run Common\Behavior\InitHookBehavior [ RunTime:0.002731s ]
INFO: [ app_init ] --END-- [ RunTime:0.003385s ]
INFO: [ app_begin ] --START--
INFO: Run Behavior\ReadHtmlCacheBehavior [ RunTime:0.000610s ]
INFO: [ app_begin ] --END-- [ RunTime:0.000755s ]

[ 2016-02-22T14:24:50+08:00 ] ::1 /portal2/root/admin.php?s=/public/login.html
INFO: [ app_init ] --START--
INFO: Run Behavior\BuildLiteBehavior [ RunTime:0.000047s ]
INFO: Run Common\Behavior\InitHookBehavior [ RunTime:0.005161s ]
INFO: [ app_init ] --END-- [ RunTime:0.007006s ]
INFO: [ app_begin ] --START--
INFO: Run Behavior\ReadHtmlCacheBehavior [ RunTime:0.001292s ]
INFO: [ app_begin ] --END-- [ RunTime:0.001503s ]

[ 2016-02-22T14:24:50+08:00 ] ::1 /portal2/root/admin.php?s=/public/verify.html&random=0.6785683289635926
INFO: [ app_init ] --START--
INFO: Run Behavior\BuildLiteBehavior [ RunTime:0.000057s ]
INFO: Run Common\Behavior\InitHookBehavior [ RunTime:0.002681s ]
INFO: [ app_init ] --END-- [ RunTime:0.003677s ]
INFO: [ app_begin ] --START--
INFO: Run Behavior\ReadHtmlCacheBehavior [ RunTime:0.000877s ]
INFO: [ app_begin ] --END-- [ RunTime:0.001138s ]

[ 2016-02-22T14:25:01+08:00 ] ::1 /portal2/root/admin.php?s=/public/verify.html&random=0.8307553317863494
INFO: [ app_init ] --START--
INFO: Run Behavior\BuildLiteBehavior [ RunTime:0.000051s ]
INFO: Run Common\Behavior\InitHookBehavior [ RunTime:0.003870s ]
INFO: [ app_init ] --END-- [ RunTime:0.004899s ]
INFO: [ app_begin ] --START--
INFO: Run Behavior\ReadHtmlCacheBehavior [ RunTime:0.000651s ]
INFO: [ app_begin ] --END-- [ RunTime:0.000884s ]

[ 2016-02-22T14:25:10+08:00 ] ::1 /portal2/root/admin.php?s=/public/login.html
INFO: [ app_init ] --START--
INFO: Run Behavior\BuildLiteBehavior [ RunTime:0.000043s ]
INFO: Run Common\Behavior\InitHookBehavior [ RunTime:0.002978s ]
INFO: [ app_init ] --END-- [ RunTime:0.004416s ]
INFO: [ app_begin ] --START--
INFO: Run Behavior\ReadHtmlCacheBehavior [ RunTime:0.001264s ]
INFO: [ app_begin ] --END-- [ RunTime:0.001523s ]

[ 2016-02-22T14:25:10+08:00 ] ::1 /portal2/root/admin.php?s=/public/verify.html&random=0.1566021116450429
INFO: [ app_init ] --START--
INFO: Run Behavior\BuildLiteBehavior [ RunTime:0.000050s ]
INFO: Run Common\Behavior\InitHookBehavior [ RunTime:0.002644s ]
INFO: [ app_init ] --END-- [ RunTime:0.003585s ]
INFO: [ app_begin ] --START--
INFO: Run Behavior\ReadHtmlCacheBehavior [ RunTime:0.000835s ]
INFO: [ app_begin ] --END-- [ RunTime:0.001072s ]

[ 2016-02-22T14:25:25+08:00 ] ::1 /portal2/root/admin.php?s=/public/login.html
INFO: [ app_init ] --START--
INFO: Run Behavior\BuildLiteBehavior [ RunTime:0.000040s ]
INFO: Run Common\Behavior\InitHookBehavior [ RunTime:0.002894s ]
INFO: [ app_init ] --END-- [ RunTime:0.003760s ]
INFO: [ app_begin ] --START--
INFO: Run Behavior\ReadHtmlCacheBehavior [ RunTime:0.000988s ]
INFO: [ app_begin ] --END-- [ RunTime:0.001253s ]

[ 2016-02-22T14:25:25+08:00 ] ::1 /portal2/root/admin.php?s=/public/verify.html&random=0.7873843177221715
INFO: [ app_init ] --START--
INFO: Run Behavior\BuildLiteBehavior [ RunTime:0.000048s ]
INFO: Run Common\Behavior\InitHookBehavior [ RunTime:0.002686s ]
INFO: [ app_init ] --END-- [ RunTime:0.003622s ]
INFO: [ app_begin ] --START--
INFO: Run Behavior\ReadHtmlCacheBehavior [ RunTime:0.000809s ]
INFO: [ app_begin ] --END-- [ RunTime:0.001100s ]

[ 2016-02-22T14:36:26+08:00 ] ::1 /portal2/root/admin.php?s=/public/login.html
INFO: [ app_init ] --START--
INFO: Run Behavior\BuildLiteBehavior [ RunTime:0.000032s ]
INFO: Run Common\Behavior\InitHookBehavior [ RunTime:0.006926s ]
INFO: [ app_init ] --END-- [ RunTime:0.007647s ]
INFO: [ app_begin ] --START--
INFO: Run Behavior\ReadHtmlCacheBehavior [ RunTime:0.002091s ]
INFO: [ app_begin ] --END-- [ RunTime:0.002384s ]
SQL: SHOW COLUMNS FROM `t_member` [ RunTime:0.0606s ]
SQL: SELECT `uid`,`nickname`,`headimgurl`,`sex`,`birthday`,`qq`,`score`,`login`,`reg_ip`,`reg_time`,`last_login_ip`,`last_login_time`,`update_time`,`status` FROM `t_member` WHERE `uid` = 1 LIMIT 1   [ RunTime:0.0580s ]
SQL: SHOW COLUMNS FROM `t_action` [ RunTime:0.0520s ]
SQL: SELECT * FROM `t_action` WHERE `name` = 'user_login' LIMIT 1   [ RunTime:0.0334s ]
SQL: SHOW COLUMNS FROM `t_action_log` [ RunTime:0.0370s ]
SQL: INSERT INTO `t_action_log` (`action_id`,`user_id`,`action_ip`,`model`,`record_id`,`create_time`,`remark`) VALUES ('1','1','0','member','1','1456122985','root在2016-02-22 14:36:25登录了后台') [ RunTime:0.0549s ]
SQL: SELECT * FROM `t_action` WHERE `name` = 'user_login' LIMIT 1   [ RunTime:0.0323s ]
NOTIC: [8] Undefined offset: 1 D:\wamp\www\portal2\Application\Common\Common\function.php 第 737 行.
NOTIC: [2] array_key_exists() expects parameter 2 to be array, null given D:\wamp\www\portal2\Application\Common\Common\function.php 第 737 行.
SQL: SELECT COUNT(*) AS tp_count FROM `t_action_log` WHERE `action_id` = 1 AND `user_id` = 1 AND `create_time` > 1456036585 LIMIT 1   [ RunTime:0.0323s ]
SQL: SHOW COLUMNS FROM `t_member` [ RunTime:0.0333s ]
SQL: UPDATE `t_member` SET `score`=score+10 WHERE ( uid=1 AND status>-1 ) [ RunTime:0.0431s ]
SQL: UPDATE `t_member` SET `login`=`login`+1,`last_login_time`='1456122985',`last_login_ip`='0' WHERE `uid` = 1 [ RunTime:0.0376s ]

[ 2016-02-22T14:36:27+08:00 ] ::1 /portal2/root/admin.php?s=/index/index.html
INFO: [ app_init ] --START--
INFO: Run Behavior\BuildLiteBehavior [ RunTime:0.000050s ]
INFO: Run Common\Behavior\InitHookBehavior [ RunTime:0.003009s ]
INFO: [ app_init ] --END-- [ RunTime:0.003980s ]
INFO: [ app_begin ] --START--
INFO: Run Behavior\ReadHtmlCacheBehavior [ RunTime:0.000794s ]
INFO: [ app_begin ] --END-- [ RunTime:0.001052s ]

[ 2016-02-22T14:36:27+08:00 ] ::1 /portal2/root/admin.php?s=/public/login.html
INFO: [ app_init ] --START--
INFO: Run Behavior\BuildLiteBehavior [ RunTime:0.000047s ]
INFO: Run Common\Behavior\InitHookBehavior [ RunTime:0.007080s ]
INFO: [ app_init ] --END-- [ RunTime:0.008019s ]
INFO: [ app_begin ] --START--
INFO: Run Behavior\ReadHtmlCacheBehavior [ RunTime:0.000850s ]
INFO: [ app_begin ] --END-- [ RunTime:0.001098s ]

[ 2016-02-22T14:36:27+08:00 ] ::1 /portal2/root/admin.php?s=/public/verify.html
INFO: [ app_init ] --START--
INFO: Run Behavior\BuildLiteBehavior [ RunTime:0.000048s ]
INFO: Run Common\Behavior\InitHookBehavior [ RunTime:0.003089s ]
INFO: [ app_init ] --END-- [ RunTime:0.004015s ]
INFO: [ app_begin ] --START--
INFO: Run Behavior\ReadHtmlCacheBehavior [ RunTime:0.000879s ]
INFO: [ app_begin ] --END-- [ RunTime:0.001097s ]

[ 2016-02-22T14:36:50+08:00 ] ::1 /portal2/root/admin.php?s=/public/login.html
INFO: [ app_init ] --START--
INFO: Run Behavior\BuildLiteBehavior [ RunTime:0.000124s ]
INFO: Run Common\Behavior\InitHookBehavior [ RunTime:0.003382s ]
INFO: [ app_init ] --END-- [ RunTime:0.004680s ]
INFO: [ app_begin ] --START--
INFO: Run Behavior\ReadHtmlCacheBehavior [ RunTime:0.000817s ]
INFO: [ app_begin ] --END-- [ RunTime:0.001032s ]

[ 2016-02-22T14:36:50+08:00 ] ::1 /portal2/root/admin.php?s=/public/verify.html
INFO: [ app_init ] --START--
INFO: Run Behavior\BuildLiteBehavior [ RunTime:0.000037s ]
INFO: Run Common\Behavior\InitHookBehavior [ RunTime:0.003575s ]
INFO: [ app_init ] --END-- [ RunTime:0.004465s ]
INFO: [ app_begin ] --START--
INFO: Run Behavior\ReadHtmlCacheBehavior [ RunTime:0.000913s ]
INFO: [ app_begin ] --END-- [ RunTime:0.001152s ]

[ 2016-02-22T14:36:51+08:00 ] ::1 /portal2/root/admin.php?s=/public/login.html
INFO: [ app_init ] --START--
INFO: Run Behavior\BuildLiteBehavior [ RunTime:0.000063s ]
INFO: Run Common\Behavior\InitHookBehavior [ RunTime:0.002944s ]
INFO: [ app_init ] --END-- [ RunTime:0.003989s ]
INFO: [ app_begin ] --START--
INFO: Run Behavior\ReadHtmlCacheBehavior [ RunTime:0.000936s ]
INFO: [ app_begin ] --END-- [ RunTime:0.001172s ]

[ 2016-02-22T14:36:51+08:00 ] ::1 /portal2/root/admin.php?s=/public/verify.html
INFO: [ app_init ] --START--
INFO: Run Behavior\BuildLiteBehavior [ RunTime:0.000048s ]
INFO: Run Common\Behavior\InitHookBehavior [ RunTime:0.003819s ]
INFO: [ app_init ] --END-- [ RunTime:0.004712s ]
INFO: [ app_begin ] --START--
INFO: Run Behavior\ReadHtmlCacheBehavior [ RunTime:0.001022s ]
INFO: [ app_begin ] --END-- [ RunTime:0.001278s ]

[ 2016-02-22T14:37:15+08:00 ] ::1 /portal2/root/admin.php?s=/public/login.html
INFO: [ app_init ] --START--
INFO: Run Behavior\BuildLiteBehavior [ RunTime:0.000049s ]
INFO: Run Common\Behavior\InitHookBehavior [ RunTime:0.002940s ]
INFO: [ app_init ] --END-- [ RunTime:0.003847s ]
INFO: [ app_begin ] --START--
INFO: Run Behavior\ReadHtmlCacheBehavior [ RunTime:0.000797s ]
INFO: [ app_begin ] --END-- [ RunTime:0.000997s ]
SQL: SHOW COLUMNS FROM `t_member` [ RunTime:0.0330s ]
SQL: SELECT `uid`,`nickname`,`headimgurl`,`sex`,`birthday`,`qq`,`score`,`login`,`reg_ip`,`reg_time`,`last_login_ip`,`last_login_time`,`update_time`,`status` FROM `t_member` WHERE `uid` = 1 LIMIT 1   [ RunTime:0.0611s ]
SQL: SHOW COLUMNS FROM `t_action` [ RunTime:0.0387s ]
SQL: SELECT * FROM `t_action` WHERE `name` = 'user_login' LIMIT 1   [ RunTime:0.0345s ]
SQL: SHOW COLUMNS FROM `t_action_log` [ RunTime:0.0329s ]
SQL: INSERT INTO `t_action_log` (`action_id`,`user_id`,`action_ip`,`model`,`record_id`,`create_time`,`remark`) VALUES ('1','1','0','member','1','1456123033','root在2016-02-22 14:37:13登录了后台') [ RunTime:0.0397s ]
SQL: SELECT * FROM `t_action` WHERE `name` = 'user_login' LIMIT 1   [ RunTime:0.0414s ]
NOTIC: [8] Undefined offset: 1 D:\wamp\www\portal2\Application\Common\Common\function.php 第 737 行.
NOTIC: [2] array_key_exists() expects parameter 2 to be array, null given D:\wamp\www\portal2\Application\Common\Common\function.php 第 737 行.
SQL: SELECT COUNT(*) AS tp_count FROM `t_action_log` WHERE `action_id` = 1 AND `user_id` = 1 AND `create_time` > 1456036633 LIMIT 1   [ RunTime:0.0348s ]
SQL: UPDATE `t_member` SET `login`=`login`+1,`last_login_time`='1456123033',`last_login_ip`='0' WHERE `uid` = 1 [ RunTime:0.0376s ]

[ 2016-02-22T14:37:16+08:00 ] ::1 /portal2/root/admin.php?s=/index/index.html
INFO: [ app_init ] --START--
INFO: Run Behavior\BuildLiteBehavior [ RunTime:0.000248s ]
INFO: Run Common\Behavior\InitHookBehavior [ RunTime:0.003391s ]
INFO: [ app_init ] --END-- [ RunTime:0.005317s ]
INFO: [ app_begin ] --START--
INFO: Run Behavior\ReadHtmlCacheBehavior [ RunTime:0.000782s ]
INFO: [ app_begin ] --END-- [ RunTime:0.001028s ]

[ 2016-02-22T14:37:16+08:00 ] ::1 /portal2/root/admin.php?s=/public/login.html
INFO: [ app_init ] --START--
INFO: Run Behavior\BuildLiteBehavior [ RunTime:0.000040s ]
INFO: Run Common\Behavior\InitHookBehavior [ RunTime:0.005305s ]
INFO: [ app_init ] --END-- [ RunTime:0.006186s ]
INFO: [ app_begin ] --START--
INFO: Run Behavior\ReadHtmlCacheBehavior [ RunTime:0.000740s ]
INFO: [ app_begin ] --END-- [ RunTime:0.000930s ]

[ 2016-02-22T14:37:16+08:00 ] ::1 /portal2/root/admin.php?s=/public/verify.html
INFO: [ app_init ] --START--
INFO: Run Behavior\BuildLiteBehavior [ RunTime:0.000052s ]
INFO: Run Common\Behavior\InitHookBehavior [ RunTime:0.003364s ]
INFO: [ app_init ] --END-- [ RunTime:0.004977s ]
INFO: [ app_begin ] --START--
INFO: Run Behavior\ReadHtmlCacheBehavior [ RunTime:0.000806s ]
INFO: [ app_begin ] --END-- [ RunTime:0.001052s ]

[ 2016-02-22T14:40:45+08:00 ] ::1 /portal2/root/admin.php?s=/public/login.html
INFO: [ app_init ] --START--
INFO: Run Behavior\BuildLiteBehavior [ RunTime:0.000066s ]
INFO: Run Common\Behavior\InitHookBehavior [ RunTime:0.007143s ]
INFO: [ app_init ] --END-- [ RunTime:0.008318s ]
INFO: [ app_begin ] --START--
INFO: Run Behavior\ReadHtmlCacheBehavior [ RunTime:0.000842s ]
INFO: [ app_begin ] --END-- [ RunTime:0.001047s ]

[ 2016-02-22T14:40:46+08:00 ] ::1 /portal2/root/admin.php?s=/public/verify.html&random=0.8787117043975741
INFO: [ app_init ] --START--
INFO: Run Behavior\BuildLiteBehavior [ RunTime:0.000039s ]
INFO: Run Common\Behavior\InitHookBehavior [ RunTime:0.003171s ]
INFO: [ app_init ] --END-- [ RunTime:0.003998s ]
INFO: [ app_begin ] --START--
INFO: Run Behavior\ReadHtmlCacheBehavior [ RunTime:0.000850s ]
INFO: [ app_begin ] --END-- [ RunTime:0.001062s ]

[ 2016-02-22T14:41:49+08:00 ] ::1 /portal2/root/admin.php?s=/public/login.html
INFO: [ app_init ] --START--
INFO: Run Behavior\BuildLiteBehavior [ RunTime:0.000056s ]
INFO: Run Common\Behavior\InitHookBehavior [ RunTime:0.003974s ]
INFO: [ app_init ] --END-- [ RunTime:0.005359s ]
INFO: [ app_begin ] --START--
INFO: Run Behavior\ReadHtmlCacheBehavior [ RunTime:0.001138s ]
INFO: [ app_begin ] --END-- [ RunTime:0.001341s ]
SQL: SHOW COLUMNS FROM `t_member` [ RunTime:0.0344s ]
SQL: SELECT `uid`,`nickname`,`headimgurl`,`sex`,`birthday`,`qq`,`score`,`login`,`reg_ip`,`reg_time`,`last_login_ip`,`last_login_time`,`update_time`,`status` FROM `t_member` WHERE `uid` = 1 LIMIT 1   [ RunTime:0.0329s ]
SQL: SHOW COLUMNS FROM `t_action` [ RunTime:0.0361s ]
SQL: SELECT * FROM `t_action` WHERE `name` = 'user_login' LIMIT 1   [ RunTime:0.0337s ]
SQL: SHOW COLUMNS FROM `t_action_log` [ RunTime:0.0343s ]
SQL: INSERT INTO `t_action_log` (`action_id`,`user_id`,`action_ip`,`model`,`record_id`,`create_time`,`remark`) VALUES ('1','1','0','member','1','1456123307','root在2016-02-22 14:41:47登录了后台') [ RunTime:0.0400s ]
SQL: SELECT * FROM `t_action` WHERE `name` = 'user_login' LIMIT 1   [ RunTime:0.0330s ]
NOTIC: [8] Undefined offset: 1 D:\wamp\www\portal2\Application\Common\Common\function.php 第 737 行.
NOTIC: [2] array_key_exists() expects parameter 2 to be array, null given D:\wamp\www\portal2\Application\Common\Common\function.php 第 737 行.
SQL: SELECT COUNT(*) AS tp_count FROM `t_action_log` WHERE `action_id` = 1 AND `user_id` = 1 AND `create_time` > 1456036907 LIMIT 1   [ RunTime:0.0369s ]
SQL: UPDATE `t_member` SET `login`=`login`+1,`last_login_time`='1456123307',`last_login_ip`='0' WHERE `uid` = 1 [ RunTime:0.0376s ]

[ 2016-02-22T14:41:50+08:00 ] ::1 /portal2/root/admin.php?s=/index/index.html
INFO: [ app_init ] --START--
INFO: Run Behavior\BuildLiteBehavior [ RunTime:0.000039s ]
INFO: Run Common\Behavior\InitHookBehavior [ RunTime:0.003286s ]
INFO: [ app_init ] --END-- [ RunTime:0.004143s ]
INFO: [ app_begin ] --START--
INFO: Run Behavior\ReadHtmlCacheBehavior [ RunTime:0.000912s ]
INFO: [ app_begin ] --END-- [ RunTime:0.001154s ]

[ 2016-02-22T14:41:50+08:00 ] ::1 /portal2/root/admin.php?s=/public/login.html
INFO: [ app_init ] --START--
INFO: Run Behavior\BuildLiteBehavior [ RunTime:0.000053s ]
INFO: Run Common\Behavior\InitHookBehavior [ RunTime:0.003409s ]
INFO: [ app_init ] --END-- [ RunTime:0.004289s ]
INFO: [ app_begin ] --START--
INFO: Run Behavior\ReadHtmlCacheBehavior [ RunTime:0.001308s ]
INFO: [ app_begin ] --END-- [ RunTime:0.001555s ]

[ 2016-02-22T14:41:50+08:00 ] ::1 /portal2/root/admin.php?s=/public/verify.html
INFO: [ app_init ] --START--
INFO: Run Behavior\BuildLiteBehavior [ RunTime:0.000050s ]
INFO: Run Common\Behavior\InitHookBehavior [ RunTime:0.003005s ]
INFO: [ app_init ] --END-- [ RunTime:0.003951s ]
INFO: [ app_begin ] --START--
INFO: Run Behavior\ReadHtmlCacheBehavior [ RunTime:0.000818s ]
INFO: [ app_begin ] --END-- [ RunTime:0.001059s ]

[ 2016-02-22T14:47:50+08:00 ] ::1 /portal2/root/admin.php?s=/public/login.html
INFO: [ app_init ] --START--
INFO: Run Behavior\BuildLiteBehavior [ RunTime:0.000049s ]
INFO: Run Common\Behavior\InitHookBehavior [ RunTime:0.003207s ]
INFO: [ app_init ] --END-- [ RunTime:0.004148s ]
INFO: [ app_begin ] --START--
INFO: Run Behavior\ReadHtmlCacheBehavior [ RunTime:0.001065s ]
INFO: [ app_begin ] --END-- [ RunTime:0.001378s ]

[ 2016-02-22T14:47:51+08:00 ] ::1 /portal2/root/admin.php?s=/public/verify.html
INFO: [ app_init ] --START--
INFO: Run Behavior\BuildLiteBehavior [ RunTime:0.000050s ]
INFO: Run Common\Behavior\InitHookBehavior [ RunTime:0.003384s ]
INFO: [ app_init ] --END-- [ RunTime:0.004346s ]
INFO: [ app_begin ] --START--
INFO: Run Behavior\ReadHtmlCacheBehavior [ RunTime:0.000874s ]
INFO: [ app_begin ] --END-- [ RunTime:0.001075s ]

[ 2016-02-22T14:48:02+08:00 ] ::1 /portal2/root/admin.php?s=/public/login.html
INFO: [ app_init ] --START--
INFO: Run Behavior\BuildLiteBehavior [ RunTime:0.000046s ]
INFO: Run Common\Behavior\InitHookBehavior [ RunTime:0.004018s ]
INFO: [ app_init ] --END-- [ RunTime:0.005794s ]
INFO: [ app_begin ] --START--
INFO: Run Behavior\ReadHtmlCacheBehavior [ RunTime:0.001045s ]
INFO: [ app_begin ] --END-- [ RunTime:0.001240s ]

[ 2016-02-22T14:48:02+08:00 ] ::1 /portal2/root/admin.php?s=/public/verify.html&random=0.7440428761765361
INFO: [ app_init ] --START--
INFO: Run Behavior\BuildLiteBehavior [ RunTime:0.000048s ]
INFO: Run Common\Behavior\InitHookBehavior [ RunTime:0.003061s ]
INFO: [ app_init ] --END-- [ RunTime:0.003970s ]
INFO: [ app_begin ] --START--
INFO: Run Behavior\ReadHtmlCacheBehavior [ RunTime:0.000916s ]
INFO: [ app_begin ] --END-- [ RunTime:0.001177s ]

[ 2016-02-22T14:48:04+08:00 ] ::1 /portal2/root/admin.php?s=/public/login.html
INFO: [ app_init ] --START--
INFO: Run Behavior\BuildLiteBehavior [ RunTime:0.000046s ]
INFO: Run Common\Behavior\InitHookBehavior [ RunTime:0.002762s ]
INFO: [ app_init ] --END-- [ RunTime:0.003672s ]
INFO: [ app_begin ] --START--
INFO: Run Behavior\ReadHtmlCacheBehavior [ RunTime:0.000705s ]
INFO: [ app_begin ] --END-- [ RunTime:0.000886s ]

[ 2016-02-22T14:48:04+08:00 ] ::1 /portal2/root/admin.php?s=/public/verify.html&random=0.4615262923762202
INFO: [ app_init ] --START--
INFO: Run Behavior\BuildLiteBehavior [ RunTime:0.000048s ]
INFO: Run Common\Behavior\InitHookBehavior [ RunTime:0.002799s ]
INFO: [ app_init ] --END-- [ RunTime:0.003828s ]
INFO: [ app_begin ] --START--
INFO: Run Behavior\ReadHtmlCacheBehavior [ RunTime:0.000790s ]
INFO: [ app_begin ] --END-- [ RunTime:0.001019s ]

[ 2016-02-22T14:49:55+08:00 ] ::1 /portal2/root/admin.php?s=/public/login.html
INFO: [ app_init ] --START--
INFO: Run Behavior\BuildLiteBehavior [ RunTime:0.000048s ]
INFO: Run Common\Behavior\InitHookBehavior [ RunTime:0.010660s ]
INFO: [ app_init ] --END-- [ RunTime:0.013230s ]
INFO: [ app_begin ] --START--
INFO: Run Behavior\ReadHtmlCacheBehavior [ RunTime:0.001036s ]
INFO: [ app_begin ] --END-- [ RunTime:0.001387s ]

[ 2016-02-22T14:49:55+08:00 ] ::1 /portal2/root/admin.php?s=/public/verify.html&random=0.2028402779251337
INFO: [ app_init ] --START--
INFO: Run Behavior\BuildLiteBehavior [ RunTime:0.000109s ]
INFO: Run Common\Behavior\InitHookBehavior [ RunTime:0.003758s ]
INFO: [ app_init ] --END-- [ RunTime:0.004857s ]
INFO: [ app_begin ] --START--
INFO: Run Behavior\ReadHtmlCacheBehavior [ RunTime:0.000995s ]
INFO: [ app_begin ] --END-- [ RunTime:0.001277s ]

[ 2016-02-22T14:55:58+08:00 ] ::1 /portal2/root/admin.php?s=/public/login.html
INFO: [ app_init ] --START--
INFO: Run Behavior\BuildLiteBehavior [ RunTime:0.000043s ]
INFO: Run Common\Behavior\InitHookBehavior [ RunTime:0.004980s ]
INFO: [ app_init ] --END-- [ RunTime:0.006025s ]
INFO: [ app_begin ] --START--
INFO: Run Behavior\ReadHtmlCacheBehavior [ RunTime:0.000656s ]
INFO: [ app_begin ] --END-- [ RunTime:0.000825s ]

[ 2016-02-22T14:55:58+08:00 ] ::1 /portal2/root/admin.php?s=/public/verify.html
INFO: [ app_init ] --START--
INFO: Run Behavior\BuildLiteBehavior [ RunTime:0.000048s ]
INFO: Run Common\Behavior\InitHookBehavior [ RunTime:0.002769s ]
INFO: [ app_init ] --END-- [ RunTime:0.003676s ]
INFO: [ app_begin ] --START--
INFO: Run Behavior\ReadHtmlCacheBehavior [ RunTime:0.002885s ]
INFO: [ app_begin ] --END-- [ RunTime:0.003139s ]

[ 2016-02-22T14:56:51+08:00 ] ::1 /portal2/root/admin.php?s=/public/login.html
INFO: [ app_init ] --START--
INFO: Run Behavior\BuildLiteBehavior [ RunTime:0.000289s ]
INFO: Run Common\Behavior\InitHookBehavior [ RunTime:0.007812s ]
INFO: [ app_init ] --END-- [ RunTime:0.009035s ]
INFO: [ app_begin ] --START--
INFO: Run Behavior\ReadHtmlCacheBehavior [ RunTime:0.001031s ]
INFO: [ app_begin ] --END-- [ RunTime:0.001236s ]

[ 2016-02-22T14:56:55+08:00 ] ::1 /portal2/root/admin.php?s=/public/login.html
INFO: [ app_init ] --START--
INFO: Run Behavior\BuildLiteBehavior [ RunTime:0.000048s ]
INFO: Run Common\Behavior\InitHookBehavior [ RunTime:0.003526s ]
INFO: [ app_init ] --END-- [ RunTime:0.005310s ]
INFO: [ app_begin ] --START--
INFO: Run Behavior\ReadHtmlCacheBehavior [ RunTime:0.000758s ]
INFO: [ app_begin ] --END-- [ RunTime:0.000936s ]

[ 2016-02-22T14:56:56+08:00 ] ::1 /portal2/root/admin.php?s=/public/login.html
INFO: [ app_init ] --START--
INFO: Run Behavior\BuildLiteBehavior [ RunTime:0.000051s ]
INFO: Run Common\Behavior\InitHookBehavior [ RunTime:0.002623s ]
INFO: [ app_init ] --END-- [ RunTime:0.003549s ]
INFO: [ app_begin ] --START--
INFO: Run Behavior\ReadHtmlCacheBehavior [ RunTime:0.000798s ]
INFO: [ app_begin ] --END-- [ RunTime:0.001030s ]

[ 2016-02-22T14:56:57+08:00 ] ::1 /portal2/root/admin.php?s=/public/login.html
INFO: [ app_init ] --START--
INFO: Run Behavior\BuildLiteBehavior [ RunTime:0.000043s ]
INFO: Run Common\Behavior\InitHookBehavior [ RunTime:0.002578s ]
INFO: [ app_init ] --END-- [ RunTime:0.003467s ]
INFO: [ app_begin ] --START--
INFO: Run Behavior\ReadHtmlCacheBehavior [ RunTime:0.000741s ]
INFO: [ app_begin ] --END-- [ RunTime:0.000946s ]

[ 2016-02-22T14:56:58+08:00 ] ::1 /portal2/root/admin.php?s=/public/login.html
INFO: [ app_init ] --START--
INFO: Run Behavior\BuildLiteBehavior [ RunTime:0.000044s ]
INFO: Run Common\Behavior\InitHookBehavior [ RunTime:0.003786s ]
INFO: [ app_init ] --END-- [ RunTime:0.004902s ]
INFO: [ app_begin ] --START--
INFO: Run Behavior\ReadHtmlCacheBehavior [ RunTime:0.000749s ]
INFO: [ app_begin ] --END-- [ RunTime:0.000963s ]

[ 2016-02-22T14:56:59+08:00 ] ::1 /portal2/root/admin.php?s=/public/login.html
INFO: [ app_init ] --START--
INFO: Run Behavior\BuildLiteBehavior [ RunTime:0.000039s ]
INFO: Run Common\Behavior\InitHookBehavior [ RunTime:0.002536s ]
INFO: [ app_init ] --END-- [ RunTime:0.003558s ]
INFO: [ app_begin ] --START--
INFO: Run Behavior\ReadHtmlCacheBehavior [ RunTime:0.001259s ]
INFO: [ app_begin ] --END-- [ RunTime:0.001446s ]

[ 2016-02-22T14:57:30+08:00 ] ::1 /portal2/root/admin.php?s=/public/login.html
INFO: [ app_init ] --START--
INFO: Run Behavior\BuildLiteBehavior [ RunTime:0.000032s ]
INFO: Run Common\Behavior\InitHookBehavior [ RunTime:0.002028s ]
INFO: [ app_init ] --END-- [ RunTime:0.002671s ]
INFO: [ app_begin ] --START--
INFO: Run Behavior\ReadHtmlCacheBehavior [ RunTime:0.000945s ]
INFO: [ app_begin ] --END-- [ RunTime:0.001176s ]

[ 2016-02-22T14:57:30+08:00 ] ::1 /portal2/root/admin.php?s=/public/verify.html
INFO: [ app_init ] --START--
INFO: Run Behavior\BuildLiteBehavior [ RunTime:0.000048s ]
INFO: Run Common\Behavior\InitHookBehavior [ RunTime:0.002871s ]
INFO: [ app_init ] --END-- [ RunTime:0.003964s ]
INFO: [ app_begin ] --START--
INFO: Run Behavior\ReadHtmlCacheBehavior [ RunTime:0.000842s ]
INFO: [ app_begin ] --END-- [ RunTime:0.001074s ]

[ 2016-02-22T14:57:37+08:00 ] ::1 /portal2/root/admin.php?s=/public/login.html
INFO: [ app_init ] --START--
INFO: Run Behavior\BuildLiteBehavior [ RunTime:0.000048s ]
INFO: Run Common\Behavior\InitHookBehavior [ RunTime:0.003555s ]
INFO: [ app_init ] --END-- [ RunTime:0.004817s ]
INFO: [ app_begin ] --START--
INFO: Run Behavior\ReadHtmlCacheBehavior [ RunTime:0.002394s ]
INFO: [ app_begin ] --END-- [ RunTime:0.002614s ]

[ 2016-02-22T14:58:11+08:00 ] ::1 /portal2/root/admin.php?s=/public/login.html
INFO: [ app_init ] --START--
INFO: Run Behavior\BuildLiteBehavior [ RunTime:0.000051s ]
INFO: Run Common\Behavior\InitHookBehavior [ RunTime:0.009181s ]
INFO: [ app_init ] --END-- [ RunTime:0.010232s ]
INFO: [ app_begin ] --START--
INFO: Run Behavior\ReadHtmlCacheBehavior [ RunTime:0.011648s ]
INFO: [ app_begin ] --END-- [ RunTime:0.011866s ]
DEBUG: 22

[ 2016-02-22T14:58:11+08:00 ] ::1 /portal2/root/admin.php?s=/public/verify.html&random=0.15362470014952123
INFO: [ app_init ] --START--
INFO: Run Behavior\BuildLiteBehavior [ RunTime:0.000050s ]
INFO: Run Common\Behavior\InitHookBehavior [ RunTime:0.003509s ]
INFO: [ app_init ] --END-- [ RunTime:0.004448s ]
INFO: [ app_begin ] --START--
INFO: Run Behavior\ReadHtmlCacheBehavior [ RunTime:0.001044s ]
INFO: [ app_begin ] --END-- [ RunTime:0.001283s ]

[ 2016-02-22T14:58:43+08:00 ] ::1 /portal2/root/admin.php?s=/public/login.html
INFO: [ app_init ] --START--
INFO: Run Behavior\BuildLiteBehavior [ RunTime:0.000106s ]
INFO: Run Common\Behavior\InitHookBehavior [ RunTime:0.005119s ]
INFO: [ app_init ] --END-- [ RunTime:0.006200s ]

[ 2016-02-22T14:58:43+08:00 ] ::1 /portal2/root/admin.php?s=/public/verify.html
INFO: [ app_init ] --START--
INFO: Run Behavior\BuildLiteBehavior [ RunTime:0.000052s ]
INFO: Run Common\Behavior\InitHookBehavior [ RunTime:0.015511s ]
INFO: [ app_init ] --END-- [ RunTime:0.016590s ]

[ 2016-02-22T14:59:19+08:00 ] ::1 /portal2/root/admin.php?s=/public/login.html
INFO: [ app_init ] --START--
INFO: Run Behavior\BuildLiteBehavior [ RunTime:0.000031s ]
INFO: Run Common\Behavior\InitHookBehavior [ RunTime:0.002109s ]
INFO: [ app_init ] --END-- [ RunTime:0.002727s ]

[ 2016-02-22T14:59:19+08:00 ] ::1 /portal2/root/admin.php?s=/public/verify.html
INFO: [ app_init ] --START--
INFO: Run Behavior\BuildLiteBehavior [ RunTime:0.000051s ]
INFO: Run Common\Behavior\InitHookBehavior [ RunTime:0.003144s ]
INFO: [ app_init ] --END-- [ RunTime:0.004116s ]

[ 2016-02-22T14:59:30+08:00 ] ::1 /portal2/root/admin.php?s=/public/login.html
INFO: [ app_init ] --START--
INFO: Run Behavior\BuildLiteBehavior [ RunTime:0.000045s ]
INFO: Run Common\Behavior\InitHookBehavior [ RunTime:0.003948s ]
INFO: [ app_init ] --END-- [ RunTime:0.005654s ]
INFO: [ app_begin ] --START--
INFO: Run Behavior\ReadHtmlCacheBehavior [ RunTime:0.001367s ]
INFO: [ app_begin ] --END-- [ RunTime:0.001935s ]
DEBUG: check

[ 2016-02-22T14:59:30+08:00 ] ::1 /portal2/root/admin.php?s=/public/verify.html&random=0.4854741683229804
INFO: [ app_init ] --START--
INFO: Run Behavior\BuildLiteBehavior [ RunTime:0.000052s ]
INFO: Run Common\Behavior\InitHookBehavior [ RunTime:0.006068s ]
INFO: [ app_init ] --END-- [ RunTime:0.007137s ]

[ 2016-02-22T15:00:26+08:00 ] ::1 /portal2/root/admin.php?s=/public/login.html
INFO: [ app_init ] --START--
INFO: Run Behavior\BuildLiteBehavior [ RunTime:0.000050s ]
INFO: Run Common\Behavior\InitHookBehavior [ RunTime:0.004402s ]
INFO: [ app_init ] --END-- [ RunTime:0.005798s ]
INFO: [ app_begin ] --START--
INFO: Run Behavior\ReadHtmlCacheBehavior [ RunTime:0.001085s ]
INFO: [ app_begin ] --END-- [ RunTime:0.001286s ]

[ 2016-02-22T15:00:28+08:00 ] ::1 /portal2/root/admin.php?s=/public/login.html
INFO: [ app_init ] --START--
INFO: Run Behavior\BuildLiteBehavior [ RunTime:0.000051s ]
INFO: Run Common\Behavior\InitHookBehavior [ RunTime:0.003462s ]
INFO: [ app_init ] --END-- [ RunTime:0.004453s ]
INFO: [ app_begin ] --START--
INFO: Run Behavior\ReadHtmlCacheBehavior [ RunTime:0.000845s ]
INFO: [ app_begin ] --END-- [ RunTime:0.001172s ]

[ 2016-02-22T15:00:28+08:00 ] ::1 /portal2/root/admin.php?s=/public/verify.html
INFO: [ app_init ] --START--
INFO: Run Behavior\BuildLiteBehavior [ RunTime:0.000043s ]
INFO: Run Common\Behavior\InitHookBehavior [ RunTime:0.004758s ]
INFO: [ app_init ] --END-- [ RunTime:0.005843s ]
INFO: [ app_begin ] --START--
INFO: Run Behavior\ReadHtmlCacheBehavior [ RunTime:0.001106s ]
INFO: [ app_begin ] --END-- [ RunTime:0.001395s ]

[ 2016-02-22T15:00:30+08:00 ] ::1 /portal2/root/admin.php?s=/public/login.html
INFO: [ app_init ] --START--
INFO: Run Behavior\BuildLiteBehavior [ RunTime:0.000073s ]
INFO: Run Common\Behavior\InitHookBehavior [ RunTime:0.003787s ]
INFO: [ app_init ] --END-- [ RunTime:0.005398s ]
INFO: [ app_begin ] --START--
INFO: Run Behavior\ReadHtmlCacheBehavior [ RunTime:0.001127s ]
INFO: [ app_begin ] --END-- [ RunTime:0.001400s ]

[ 2016-02-22T15:00:31+08:00 ] ::1 /portal2/root/admin.php?s=/public/login.html
INFO: [ app_init ] --START--
INFO: Run Behavior\BuildLiteBehavior [ RunTime:0.000067s ]
INFO: Run Common\Behavior\InitHookBehavior [ RunTime:0.017539s ]
INFO: [ app_init ] --END-- [ RunTime:0.018822s ]
INFO: [ app_begin ] --START--
INFO: Run Behavior\ReadHtmlCacheBehavior [ RunTime:0.001166s ]
INFO: [ app_begin ] --END-- [ RunTime:0.001455s ]

[ 2016-02-22T15:00:32+08:00 ] ::1 /portal2/root/admin.php?s=/public/login.html
INFO: [ app_init ] --START--
INFO: Run Behavior\BuildLiteBehavior [ RunTime:0.000071s ]
INFO: Run Common\Behavior\InitHookBehavior [ RunTime:0.015867s ]
INFO: [ app_init ] --END-- [ RunTime:0.017101s ]
INFO: [ app_begin ] --START--
INFO: Run Behavior\ReadHtmlCacheBehavior [ RunTime:0.001389s ]
INFO: [ app_begin ] --END-- [ RunTime:0.001706s ]

[ 2016-02-22T15:00:33+08:00 ] ::1 /portal2/root/admin.php?s=/public/login.html
INFO: [ app_init ] --START--
INFO: Run Behavior\BuildLiteBehavior [ RunTime:0.000068s ]
INFO: Run Common\Behavior\InitHookBehavior [ RunTime:0.005443s ]
INFO: [ app_init ] --END-- [ RunTime:0.006792s ]
INFO: [ app_begin ] --START--
INFO: Run Behavior\ReadHtmlCacheBehavior [ RunTime:0.001234s ]
INFO: [ app_begin ] --END-- [ RunTime:0.001595s ]

[ 2016-02-22T15:01:02+08:00 ] ::1 /portal2/root/admin.php?s=/public/login.html
INFO: [ app_init ] --START--
INFO: Run Behavior\BuildLiteBehavior [ RunTime:0.000032s ]
INFO: Run Common\Behavior\InitHookBehavior [ RunTime:0.001954s ]
INFO: [ app_init ] --END-- [ RunTime:0.002602s ]
INFO: [ app_begin ] --START--
INFO: Run Behavior\ReadHtmlCacheBehavior [ RunTime:0.001463s ]
INFO: [ app_begin ] --END-- [ RunTime:0.001659s ]

[ 2016-02-22T15:01:02+08:00 ] ::1 /portal2/root/admin.php?s=/public/verify.html
INFO: [ app_init ] --START--
INFO: Run Behavior\BuildLiteBehavior [ RunTime:0.000048s ]
INFO: Run Common\Behavior\InitHookBehavior [ RunTime:0.003186s ]
INFO: [ app_init ] --END-- [ RunTime:0.004111s ]
INFO: [ app_begin ] --START--
INFO: Run Behavior\ReadHtmlCacheBehavior [ RunTime:0.001296s ]
INFO: [ app_begin ] --END-- [ RunTime:0.001683s ]

[ 2016-02-22T15:01:05+08:00 ] ::1 /portal2/root/admin.php?s=/public/login.html
INFO: [ app_init ] --START--
INFO: Run Behavior\BuildLiteBehavior [ RunTime:0.000052s ]
INFO: Run Common\Behavior\InitHookBehavior [ RunTime:0.003071s ]
INFO: [ app_init ] --END-- [ RunTime:0.004044s ]
INFO: [ app_begin ] --START--
INFO: Run Behavior\ReadHtmlCacheBehavior [ RunTime:0.015001s ]
INFO: [ app_begin ] --END-- [ RunTime:0.015428s ]

[ 2016-02-22T15:01:29+08:00 ] ::1 /portal2/root/admin.php?s=/public/login.html
INFO: [ app_init ] --START--
INFO: Run Behavior\BuildLiteBehavior [ RunTime:0.000056s ]
INFO: Run Common\Behavior\InitHookBehavior [ RunTime:0.004549s ]
INFO: [ app_init ] --END-- [ RunTime:0.006399s ]
INFO: [ app_begin ] --START--
INFO: Run Behavior\ReadHtmlCacheBehavior [ RunTime:0.000967s ]
INFO: [ app_begin ] --END-- [ RunTime:0.002908s ]

[ 2016-02-22T15:02:21+08:00 ] ::1 /portal2/root/admin.php?s=/public/login.html
INFO: [ app_init ] --START--
INFO: Run Behavior\BuildLiteBehavior [ RunTime:0.000084s ]
INFO: Run Common\Behavior\InitHookBehavior [ RunTime:0.008846s ]
INFO: [ app_init ] --END-- [ RunTime:0.010333s ]
INFO: [ app_begin ] --START--
INFO: Run Behavior\ReadHtmlCacheBehavior [ RunTime:0.001201s ]
INFO: [ app_begin ] --END-- [ RunTime:0.001533s ]

[ 2016-02-22T15:02:21+08:00 ] ::1 /portal2/root/admin.php?s=/public/verify.html
INFO: [ app_init ] --START--
INFO: Run Behavior\BuildLiteBehavior [ RunTime:0.000049s ]
INFO: Run Common\Behavior\InitHookBehavior [ RunTime:0.003772s ]
INFO: [ app_init ] --END-- [ RunTime:0.004841s ]
INFO: [ app_begin ] --START--
INFO: Run Behavior\ReadHtmlCacheBehavior [ RunTime:0.000947s ]
INFO: [ app_begin ] --END-- [ RunTime:0.002053s ]

[ 2016-02-22T15:02:40+08:00 ] ::1 /portal2/root/admin.php?s=/public/login.html
INFO: [ app_init ] --START--
INFO: Run Behavior\BuildLiteBehavior [ RunTime:0.000051s ]
INFO: Run Common\Behavior\InitHookBehavior [ RunTime:0.005160s ]
INFO: [ app_init ] --END-- [ RunTime:0.006164s ]
INFO: [ app_begin ] --START--
INFO: Run Behavior\ReadHtmlCacheBehavior [ RunTime:0.000839s ]
INFO: [ app_begin ] --END-- [ RunTime:0.001125s ]

[ 2016-02-22T15:02:40+08:00 ] ::1 /portal2/root/admin.php?s=/public/verify.html&random=0.03755778935737908
INFO: [ app_init ] --START--
INFO: Run Behavior\BuildLiteBehavior [ RunTime:0.000048s ]
INFO: Run Common\Behavior\InitHookBehavior [ RunTime:0.002680s ]
INFO: [ app_init ] --END-- [ RunTime:0.003735s ]
INFO: [ app_begin ] --START--
INFO: Run Behavior\ReadHtmlCacheBehavior [ RunTime:0.000877s ]
INFO: [ app_begin ] --END-- [ RunTime:0.001111s ]

[ 2016-02-22T15:02:58+08:00 ] ::1 /portal2/root/admin.php?s=/public/login.html
INFO: [ app_init ] --START--
INFO: Run Behavior\BuildLiteBehavior [ RunTime:0.000044s ]
INFO: Run Common\Behavior\InitHookBehavior [ RunTime:0.007488s ]
INFO: [ app_init ] --END-- [ RunTime:0.009193s ]
INFO: [ app_begin ] --START--
INFO: Run Behavior\ReadHtmlCacheBehavior [ RunTime:0.001046s ]
INFO: [ app_begin ] --END-- [ RunTime:0.001277s ]

[ 2016-02-22T15:02:58+08:00 ] ::1 /portal2/root/admin.php?s=/public/verify.html&random=0.17342048324644566
INFO: [ app_init ] --START--
INFO: Run Behavior\BuildLiteBehavior [ RunTime:0.000055s ]
INFO: Run Common\Behavior\InitHookBehavior [ RunTime:0.003768s ]
INFO: [ app_init ] --END-- [ RunTime:0.004901s ]
INFO: [ app_begin ] --START--
INFO: Run Behavior\ReadHtmlCacheBehavior [ RunTime:0.000921s ]
INFO: [ app_begin ] --END-- [ RunTime:0.001249s ]

[ 2016-02-22T15:03:02+08:00 ] ::1 /portal2/root/admin.php?s=/public/login.html
INFO: [ app_init ] --START--
INFO: Run Behavior\BuildLiteBehavior [ RunTime:0.000054s ]
INFO: Run Common\Behavior\InitHookBehavior [ RunTime:0.003537s ]
INFO: [ app_init ] --END-- [ RunTime:0.004752s ]
INFO: [ app_begin ] --START--
INFO: Run Behavior\ReadHtmlCacheBehavior [ RunTime:0.000924s ]
INFO: [ app_begin ] --END-- [ RunTime:0.001201s ]

[ 2016-02-22T15:03:03+08:00 ] ::1 /portal2/root/admin.php?s=/public/verify.html
INFO: [ app_init ] --START--
INFO: Run Behavior\BuildLiteBehavior [ RunTime:0.000046s ]
INFO: Run Common\Behavior\InitHookBehavior [ RunTime:0.004391s ]
INFO: [ app_init ] --END-- [ RunTime:0.006112s ]
INFO: [ app_begin ] --START--
INFO: Run Behavior\ReadHtmlCacheBehavior [ RunTime:0.001190s ]
INFO: [ app_begin ] --END-- [ RunTime:0.001471s ]

[ 2016-02-22T15:03:21+08:00 ] ::1 /portal2/root/admin.php?s=/public/login.html
INFO: [ app_init ] --START--
INFO: Run Behavior\BuildLiteBehavior [ RunTime:0.000049s ]
INFO: Run Common\Behavior\InitHookBehavior [ RunTime:0.007206s ]
INFO: [ app_init ] --END-- [ RunTime:0.008281s ]
INFO: [ app_begin ] --START--
INFO: Run Behavior\ReadHtmlCacheBehavior [ RunTime:0.001719s ]
INFO: [ app_begin ] --END-- [ RunTime:0.001942s ]

[ 2016-02-22T15:03:21+08:00 ] ::1 /portal2/root/admin.php?s=/public/verify.html&random=0.30609235540032387
INFO: [ app_init ] --START--
INFO: Run Behavior\BuildLiteBehavior [ RunTime:0.000048s ]
INFO: Run Common\Behavior\InitHookBehavior [ RunTime:0.003404s ]
INFO: [ app_init ] --END-- [ RunTime:0.005476s ]
INFO: [ app_begin ] --START--
INFO: Run Behavior\ReadHtmlCacheBehavior [ RunTime:0.001616s ]
INFO: [ app_begin ] --END-- [ RunTime:0.001867s ]

[ 2016-02-22T15:03:31+08:00 ] ::1 /portal2/root/admin.php?s=/public/login.html
INFO: [ app_init ] --START--
INFO: Run Behavior\BuildLiteBehavior [ RunTime:0.000047s ]
INFO: Run Common\Behavior\InitHookBehavior [ RunTime:0.007107s ]
INFO: [ app_init ] --END-- [ RunTime:0.008080s ]
INFO: [ app_begin ] --START--
INFO: Run Behavior\ReadHtmlCacheBehavior [ RunTime:0.000759s ]
INFO: [ app_begin ] --END-- [ RunTime:0.000921s ]

[ 2016-02-22T15:03:31+08:00 ] ::1 /portal2/root/admin.php?s=/public/verify.html&random=0.3547840549144894
INFO: [ app_init ] --START--
INFO: Run Behavior\BuildLiteBehavior [ RunTime:0.000109s ]
INFO: Run Common\Behavior\InitHookBehavior [ RunTime:0.003419s ]
INFO: [ app_init ] --END-- [ RunTime:0.008238s ]
INFO: [ app_begin ] --START--
INFO: Run Behavior\ReadHtmlCacheBehavior [ RunTime:0.000817s ]
INFO: [ app_begin ] --END-- [ RunTime:0.001046s ]

[ 2016-02-22T15:10:31+08:00 ] ::1 /portal2/root/admin.php?s=/public/login.html
INFO: [ app_init ] --START--
INFO: Run Behavior\BuildLiteBehavior [ RunTime:0.000046s ]
INFO: Run Common\Behavior\InitHookBehavior [ RunTime:0.003848s ]
INFO: [ app_init ] --END-- [ RunTime:0.004810s ]
INFO: [ app_begin ] --START--
INFO: Run Behavior\ReadHtmlCacheBehavior [ RunTime:0.001444s ]
INFO: [ app_begin ] --END-- [ RunTime:0.001675s ]

[ 2016-02-22T15:11:58+08:00 ] ::1 /portal2/root/admin.php?s=/public/login.html
INFO: [ app_init ] --START--
INFO: Run Behavior\BuildLiteBehavior [ RunTime:0.000266s ]
INFO: Run Common\Behavior\InitHookBehavior [ RunTime:0.005462s ]
INFO: [ app_init ] --END-- [ RunTime:0.007229s ]
INFO: [ app_begin ] --START--
INFO: Run Behavior\ReadHtmlCacheBehavior [ RunTime:0.001287s ]
INFO: [ app_begin ] --END-- [ RunTime:0.001608s ]

[ 2016-02-22T15:14:34+08:00 ] ::1 /portal2/root/admin.php?s=/public/login.html
INFO: [ app_init ] --START--
INFO: Run Behavior\BuildLiteBehavior [ RunTime:0.000046s ]
INFO: Run Common\Behavior\InitHookBehavior [ RunTime:0.003824s ]
INFO: [ app_init ] --END-- [ RunTime:0.005308s ]
INFO: [ app_begin ] --START--
INFO: Run Behavior\ReadHtmlCacheBehavior [ RunTime:0.001632s ]
INFO: [ app_begin ] --END-- [ RunTime:0.001865s ]

[ 2016-02-22T15:15:21+08:00 ] ::1 /portal2/root/admin.php?s=/public/login.html
INFO: [ app_init ] --START--
INFO: Run Behavior\BuildLiteBehavior [ RunTime:0.000045s ]
INFO: Run Common\Behavior\InitHookBehavior [ RunTime:0.002864s ]
INFO: [ app_init ] --END-- [ RunTime:0.003850s ]
INFO: [ app_begin ] --START--
INFO: Run Behavior\ReadHtmlCacheBehavior [ RunTime:0.001034s ]
INFO: [ app_begin ] --END-- [ RunTime:0.001372s ]

[ 2016-02-22T15:15:52+08:00 ] ::1 /portal2/root/admin.php?s=/public/login.html
INFO: [ app_init ] --START--
INFO: Run Behavior\BuildLiteBehavior [ RunTime:0.000046s ]
INFO: Run Common\Behavior\InitHookBehavior [ RunTime:0.005292s ]
INFO: [ app_init ] --END-- [ RunTime:0.006707s ]
INFO: [ app_begin ] --START--
INFO: Run Behavior\ReadHtmlCacheBehavior [ RunTime:0.000630s ]
INFO: [ app_begin ] --END-- [ RunTime:0.000772s ]

[ 2016-02-22T16:47:42+08:00 ] ::1 /portal2/root/admin.php
INFO: [ app_init ] --START--
INFO: Run Behavior\BuildLiteBehavior [ RunTime:0.000140s ]
INFO: Run Common\Behavior\InitHookBehavior [ RunTime:0.004325s ]
INFO: [ app_init ] --END-- [ RunTime:0.005821s ]
INFO: [ app_begin ] --START--
INFO: Run Behavior\ReadHtmlCacheBehavior [ RunTime:0.001242s ]
INFO: [ app_begin ] --END-- [ RunTime:0.001769s ]

[ 2016-02-22T16:47:42+08:00 ] ::1 /portal2/root/admin.php?s=/public/login.html
INFO: [ app_init ] --START--
INFO: Run Behavior\BuildLiteBehavior [ RunTime:0.000133s ]
INFO: Run Common\Behavior\InitHookBehavior [ RunTime:0.003798s ]
INFO: [ app_init ] --END-- [ RunTime:0.005776s ]
INFO: [ app_begin ] --START--
INFO: Run Behavior\ReadHtmlCacheBehavior [ RunTime:0.001217s ]
INFO: [ app_begin ] --END-- [ RunTime:0.001744s ]

[ 2016-02-22T16:47:43+08:00 ] ::1 /portal2/root/admin.php?s=/public/verify.html
INFO: [ app_init ] --START--
INFO: Run Behavior\BuildLiteBehavior [ RunTime:0.000128s ]
INFO: Run Common\Behavior\InitHookBehavior [ RunTime:0.003327s ]
INFO: [ app_init ] --END-- [ RunTime:0.004699s ]
INFO: [ app_begin ] --START--
INFO: Run Behavior\ReadHtmlCacheBehavior [ RunTime:0.001093s ]
INFO: [ app_begin ] --END-- [ RunTime:0.001617s ]

[ 2016-02-22T16:48:32+08:00 ] ::1 /portal2/root/admin.php?s=/public/login.html&XDEBUG_SESSION_START=ECLIPSE_DBGP&KEY=14561308960689
INFO: [ app_init ] --START--
INFO: Run Behavior\BuildLiteBehavior [ RunTime:0.000081s ]
INFO: Run Common\Behavior\InitHookBehavior [ RunTime:0.002797s ]
INFO: [ app_init ] --END-- [ RunTime:0.003792s ]
INFO: [ app_begin ] --START--
INFO: Run Behavior\ReadHtmlCacheBehavior [ RunTime:0.001199s ]
INFO: [ app_begin ] --END-- [ RunTime:0.002511s ]

[ 2016-02-22T16:48:33+08:00 ] ::1 /portal2/root/admin.php?s=/public/verify.html
INFO: [ app_init ] --START--
INFO: Run Behavior\BuildLiteBehavior [ RunTime:0.000139s ]
INFO: Run Common\Behavior\InitHookBehavior [ RunTime:0.004323s ]
INFO: [ app_init ] --END-- [ RunTime:0.006235s ]
INFO: [ app_begin ] --START--
INFO: Run Behavior\ReadHtmlCacheBehavior [ RunTime:0.001121s ]
INFO: [ app_begin ] --END-- [ RunTime:0.001737s ]

[ 2016-02-22T16:52:01+08:00 ] ::1 /portal2/root/admin.php?s=/public/login.html&XDEBUG_SESSION_START=ECLIPSE_DBGP&KEY=145613108895510
INFO: [ app_init ] --START--
INFO: Run Behavior\BuildLiteBehavior [ RunTime:0.000105s ]
INFO: Run Common\Behavior\InitHookBehavior [ RunTime:0.004646s ]
INFO: [ app_init ] --END-- [ RunTime:0.006344s ]
INFO: [ app_begin ] --START--
INFO: Run Behavior\ReadHtmlCacheBehavior [ RunTime:0.000886s ]
INFO: [ app_begin ] --END-- [ RunTime:0.001230s ]

[ 2016-02-22T16:52:03+08:00 ] ::1 /portal2/root/admin.php?s=/public/verify.html
INFO: [ app_init ] --START--
INFO: Run Behavior\BuildLiteBehavior [ RunTime:0.000166s ]
INFO: Run Common\Behavior\InitHookBehavior [ RunTime:0.026362s ]
INFO: [ app_init ] --END-- [ RunTime:0.028359s ]
INFO: [ app_begin ] --START--
INFO: Run Behavior\ReadHtmlCacheBehavior [ RunTime:0.001289s ]
INFO: [ app_begin ] --END-- [ RunTime:0.001981s ]

[ 2016-02-22T17:28:45+08:00 ] ::1 /portal2/root/admin.php?s=/goods/index.html
ERR: SQLSTATE[42S02]: Base table or view not found: 1146 Table 'aladdin.t_goods' doesn't exist

[ 2016-02-22T17:28:54+08:00 ] ::1 /portal2/root/admin.php?s=/goods/index.html
ERR: SQLSTATE[42S02]: Base table or view not found: 1146 Table 'aladdin.t_goods' doesn't exist

[ 2016-02-22T17:29:13+08:00 ] ::1 /portal2/root/admin.php?s=/booke/index.html
ERR: 无法加载控制器:Booke

[ 2016-02-22T17:31:53+08:00 ] ::1 /portal2/root/admin.php?s=/goods/add.html
ERR: 模板不存在:D:\wamp\www\portal2\Application/Admin/View/ace/Goods/add.php

[ 2016-02-22T17:32:05+08:00 ] ::1 /portal2/root/admin.php?s=/goods/index.html
ERR: SQLSTATE[42S02]: Base table or view not found: 1146 Table 'aladdin.t_goods' doesn't exist

[ 2016-02-22T22:36:37+08:00 ] ::1 /portal2/root/admin.php?s=/public/login.html&XDEBUG_SESSION_START=ECLIPSE_DBGP&KEY=14561517779091
INFO: [ app_init ] --START--
INFO: Run Behavior\BuildLiteBehavior [ RunTime:0.000086s ]
INFO: Run Common\Behavior\InitHookBehavior [ RunTime:0.005457s ]
INFO: [ app_init ] --END-- [ RunTime:0.006632s ]
INFO: [ app_begin ] --START--
INFO: Run Behavior\ReadHtmlCacheBehavior [ RunTime:0.001128s ]
INFO: [ app_begin ] --END-- [ RunTime:0.001467s ]

[ 2016-02-22T22:36:41+08:00 ] ::1 /portal2/root/admin.php?s=/public/verify.html
INFO: [ app_init ] --START--
INFO: Run Behavior\BuildLiteBehavior [ RunTime:0.000145s ]
INFO: Run Common\Behavior\InitHookBehavior [ RunTime:0.004873s ]
INFO: [ app_init ] --END-- [ RunTime:0.007421s ]
INFO: [ app_begin ] --START--
INFO: Run Behavior\ReadHtmlCacheBehavior [ RunTime:0.001886s ]
INFO: [ app_begin ] --END-- [ RunTime:0.002454s ]

[ 2016-02-22T22:43:08+08:00 ] ::1 /portal2/root/admin.php?s=/public/login.html&XDEBUG_SESSION_START=ECLIPSE_DBGP&KEY=14561521655582
INFO: [ app_init ] --START--
INFO: Run Behavior\BuildLiteBehavior [ RunTime:0.000081s ]
INFO: Run Common\Behavior\InitHookBehavior [ RunTime:0.002868s ]
INFO: [ app_init ] --END-- [ RunTime:0.003853s ]
INFO: [ app_begin ] --START--
INFO: Run Behavior\ReadHtmlCacheBehavior [ RunTime:0.000739s ]
INFO: [ app_begin ] --END-- [ RunTime:0.001054s ]
ERR: Redis server went away

[ 2016-02-22T22:43:48+08:00 ] ::1 /portal2/root/admin.php?s=/public/verify.html
INFO: [ app_init ] --START--
INFO: Run Behavior\BuildLiteBehavior [ RunTime:0.000268s ]
INFO: Run Common\Behavior\InitHookBehavior [ RunTime:0.005431s ]
INFO: [ app_init ] --END-- [ RunTime:0.007717s ]
INFO: [ app_begin ] --START--
INFO: Run Behavior\ReadHtmlCacheBehavior [ RunTime:0.001543s ]
INFO: [ app_begin ] --END-- [ RunTime:0.002398s ]

[ 2016-02-22T22:43:50+08:00 ] ::1 /portal2/root/admin.php?s=/public/login.html&XDEBUG_SESSION_START=ECLIPSE_DBGP&KEY=14561521655582
INFO: [ app_init ] --START--
INFO: Run Behavior\BuildLiteBehavior [ RunTime:0.000087s ]
INFO: Run Common\Behavior\InitHookBehavior [ RunTime:0.003769s ]
INFO: [ app_init ] --END-- [ RunTime:0.004908s ]
INFO: [ app_begin ] --START--
INFO: Run Behavior\ReadHtmlCacheBehavior [ RunTime:0.000811s ]
INFO: [ app_begin ] --END-- [ RunTime:0.001151s ]

[ 2016-02-22T22:45:29+08:00 ] ::1 /portal2/root/admin.php?s=/public/login.html
INFO: [ app_init ] --START--
INFO: Run Behavior\BuildLiteBehavior [ RunTime:0.000124s ]
INFO: Run Common\Behavior\InitHookBehavior [ RunTime:0.003361s ]
INFO: [ app_init ] --END-- [ RunTime:0.004852s ]
INFO: [ app_begin ] --START--
INFO: Run Behavior\ReadHtmlCacheBehavior [ RunTime:0.001051s ]
INFO: [ app_begin ] --END-- [ RunTime:0.001460s ]

[ 2016-02-22T22:45:29+08:00 ] ::1 /portal2/root/admin.php?s=/public/verify.html&random=0.3981086225248873
INFO: [ app_init ] --START--
INFO: Run Behavior\BuildLiteBehavior [ RunTime:0.000057s ]
INFO: Run Common\Behavior\InitHookBehavior [ RunTime:0.003417s ]
INFO: [ app_init ] --END-- [ RunTime:0.004920s ]
INFO: [ app_begin ] --START--
INFO: Run Behavior\ReadHtmlCacheBehavior [ RunTime:0.000908s ]
INFO: [ app_begin ] --END-- [ RunTime:0.001139s ]

[ 2016-02-22T22:46:14+08:00 ] ::1 /portal2/root/admin.php?s=/public/verify.html
INFO: [ app_init ] --START--
INFO: Run Behavior\BuildLiteBehavior [ RunTime:0.000164s ]
INFO: Run Common\Behavior\InitHookBehavior [ RunTime:0.013837s ]
INFO: [ app_init ] --END-- [ RunTime:0.015934s ]
INFO: [ app_begin ] --START--
INFO: Run Behavior\ReadHtmlCacheBehavior [ RunTime:0.001464s ]
INFO: [ app_begin ] --END-- [ RunTime:0.002233s ]

[ 2016-02-22T22:46:16+08:00 ] ::1 /portal2/root/admin.php?s=/public/login.html&XDEBUG_SESSION_START=ECLIPSE_DBGP&KEY=14561523628821
INFO: [ app_init ] --START--
INFO: Run Behavior\BuildLiteBehavior [ RunTime:0.000174s ]
INFO: Run Common\Behavior\InitHookBehavior [ RunTime:0.007924s ]
INFO: [ app_init ] --END-- [ RunTime:0.009922s ]
INFO: [ app_begin ] --START--
INFO: Run Behavior\ReadHtmlCacheBehavior [ RunTime:0.001299s ]
INFO: [ app_begin ] --END-- [ RunTime:0.001895s ]

[ 2016-02-22T22:48:39+08:00 ] ::1 /portal2/root/admin.php?s=/public/login.html&XDEBUG_SESSION_START=ECLIPSE_DBGP&KEY=14561523628821
INFO: [ app_init ] --START--
INFO: Run Behavior\BuildLiteBehavior [ RunTime:0.000088s ]
INFO: Run Common\Behavior\InitHookBehavior [ RunTime:0.003177s ]
INFO: [ app_init ] --END-- [ RunTime:0.004255s ]
INFO: [ app_begin ] --START--
INFO: Run Behavior\ReadHtmlCacheBehavior [ RunTime:0.001373s ]
INFO: [ app_begin ] --END-- [ RunTime:0.001912s ]

[ 2016-02-22T22:48:39+08:00 ] ::1 /portal2/root/admin.php?s=/public/verify.html
INFO: [ app_init ] --START--
INFO: Run Behavior\BuildLiteBehavior [ RunTime:0.000144s ]
INFO: Run Common\Behavior\InitHookBehavior [ RunTime:0.004579s ]
INFO: [ app_init ] --END-- [ RunTime:0.006247s ]
INFO: [ app_begin ] --START--
INFO: Run Behavior\ReadHtmlCacheBehavior [ RunTime:0.001714s ]
INFO: [ app_begin ] --END-- [ RunTime:0.002289s ]

[ 2016-02-22T22:48:52+08:00 ] ::1 /portal2/root/admin.php?s=/public/login.html
INFO: [ app_init ] --START--
INFO: Run Behavior\BuildLiteBehavior [ RunTime:0.000142s ]
INFO: Run Common\Behavior\InitHookBehavior [ RunTime:0.005180s ]
INFO: [ app_init ] --END-- [ RunTime:0.007674s ]
INFO: [ app_begin ] --START--
INFO: Run Behavior\ReadHtmlCacheBehavior [ RunTime:0.002986s ]
INFO: [ app_begin ] --END-- [ RunTime:0.003738s ]

[ 2016-02-22T22:48:52+08:00 ] ::1 /portal2/root/admin.php?s=/public/verify.html&random=0.7666387800127268
INFO: [ app_init ] --START--
INFO: Run Behavior\BuildLiteBehavior [ RunTime:0.000207s ]
INFO: Run Common\Behavior\InitHookBehavior [ RunTime:0.003447s ]
INFO: [ app_init ] --END-- [ RunTime:0.005092s ]
INFO: [ app_begin ] --START--
INFO: Run Behavior\ReadHtmlCacheBehavior [ RunTime:0.001130s ]
INFO: [ app_begin ] --END-- [ RunTime:0.001656s ]

[ 2016-02-22T22:49:14+08:00 ] ::1 /portal2/root/admin.php?s=/public/verify.html
INFO: [ app_init ] --START--
INFO: Run Behavior\BuildLiteBehavior [ RunTime:0.000154s ]
INFO: Run Common\Behavior\InitHookBehavior [ RunTime:0.051942s ]
INFO: [ app_init ] --END-- [ RunTime:0.053645s ]
INFO: [ app_begin ] --START--
INFO: Run Behavior\ReadHtmlCacheBehavior [ RunTime:0.001285s ]
INFO: [ app_begin ] --END-- [ RunTime:0.001855s ]

[ 2016-02-22T22:49:23+08:00 ] ::1 /portal2/root/admin.php?s=/public/login.html&XDEBUG_SESSION_START=ECLIPSE_DBGP&KEY=14561525439502
INFO: [ app_init ] --START--
INFO: Run Behavior\BuildLiteBehavior [ RunTime:0.000089s ]
INFO: Run Common\Behavior\InitHookBehavior [ RunTime:0.002760s ]
INFO: [ app_init ] --END-- [ RunTime:0.003920s ]
INFO: [ app_begin ] --START--
INFO: Run Behavior\ReadHtmlCacheBehavior [ RunTime:0.000869s ]
INFO: [ app_begin ] --END-- [ RunTime:0.001212s ]

[ 2016-02-22T22:55:40+08:00 ] ::1 /portal2/root/admin.php?s=/public/login.html
INFO: [ app_init ] --START--
INFO: Run Behavior\BuildLiteBehavior [ RunTime:0.000284s ]
INFO: Run Common\Behavior\InitHookBehavior [ RunTime:0.008332s ]
INFO: [ app_init ] --END-- [ RunTime:0.011453s ]
INFO: [ app_begin ] --START--
INFO: Run Behavior\ReadHtmlCacheBehavior [ RunTime:0.000774s ]
INFO: [ app_begin ] --END-- [ RunTime:0.001065s ]

[ 2016-02-22T23:36:58+08:00 ] ::1 /portal2/root/admin.php?s=/public/verify.html
INFO: [ app_init ] --START--
INFO: Run Behavior\BuildLiteBehavior [ RunTime:0.000244s ]
INFO: Run Common\Behavior\InitHookBehavior [ RunTime:0.005998s ]
INFO: [ app_init ] --END-- [ RunTime:0.008127s ]
INFO: [ app_begin ] --START--
INFO: Run Behavior\ReadHtmlCacheBehavior [ RunTime:0.001265s ]
INFO: [ app_begin ] --END-- [ RunTime:0.002035s ]

[ 2016-02-22T23:37:03+08:00 ] ::1 /portal2/root/admin.php?s=/public/login.html&XDEBUG_SESSION_START=ECLIPSE_DBGP&KEY=14561547866163
INFO: [ app_init ] --START--
INFO: Run Behavior\BuildLiteBehavior [ RunTime:0.000085s ]
INFO: Run Common\Behavior\InitHookBehavior [ RunTime:0.003379s ]
INFO: [ app_init ] --END-- [ RunTime:0.004457s ]
INFO: [ app_begin ] --START--
INFO: Run Behavior\ReadHtmlCacheBehavior [ RunTime:0.000816s ]
INFO: [ app_begin ] --END-- [ RunTime:0.001157s ]

[ 2016-02-22T23:40:24+08:00 ] ::1 /portal2/root/admin.php?s=/public/login.html
INFO: [ app_init ] --START--
INFO: Run Behavior\BuildLiteBehavior [ RunTime:0.000089s ]
INFO: Run Common\Behavior\InitHookBehavior [ RunTime:0.002907s ]
INFO: [ app_init ] --END-- [ RunTime:0.004082s ]
INFO: [ app_begin ] --START--
INFO: Run Behavior\ReadHtmlCacheBehavior [ RunTime:0.001044s ]
INFO: [ app_begin ] --END-- [ RunTime:0.002259s ]

[ 2016-02-22T23:40:41+08:00 ] ::1 /portal2/root/admin.php?s=/public/login.html
INFO: [ app_init ] --START--
INFO: Run Behavior\BuildLiteBehavior [ RunTime:0.000141s ]
INFO: Run Common\Behavior\InitHookBehavior [ RunTime:0.005158s ]
INFO: [ app_init ] --END-- [ RunTime:0.006853s ]
INFO: [ app_begin ] --START--
INFO: Run Behavior\ReadHtmlCacheBehavior [ RunTime:0.001715s ]
INFO: [ app_begin ] --END-- [ RunTime:0.002309s ]

[ 2016-02-22T23:40:41+08:00 ] ::1 /portal2/root/admin.php?s=/public/verify.html&random=0.8484698091633618
INFO: [ app_init ] --START--
INFO: Run Behavior\BuildLiteBehavior [ RunTime:0.000132s ]
INFO: Run Common\Behavior\InitHookBehavior [ RunTime:0.004884s ]
INFO: [ app_init ] --END-- [ RunTime:0.006609s ]
INFO: [ app_begin ] --START--
INFO: Run Behavior\ReadHtmlCacheBehavior [ RunTime:0.001049s ]
INFO: [ app_begin ] --END-- [ RunTime:0.001595s ]

[ 2016-02-22T23:40:55+08:00 ] ::1 /portal2/root/admin.php?s=/public/verify.html&random=0.2191610992886126
INFO: [ app_init ] --START--
INFO: Run Behavior\BuildLiteBehavior [ RunTime:0.000089s ]
INFO: Run Common\Behavior\InitHookBehavior [ RunTime:0.003296s ]
INFO: [ app_init ] --END-- [ RunTime:0.004380s ]
INFO: [ app_begin ] --START--
INFO: Run Behavior\ReadHtmlCacheBehavior [ RunTime:0.000853s ]
INFO: [ app_begin ] --END-- [ RunTime:0.001200s ]

[ 2016-02-22T23:42:45+08:00 ] ::1 /portal2/root/admin.php?s=/public/login.html
INFO: [ app_init ] --START--
INFO: Run Behavior\BuildLiteBehavior [ RunTime:0.000091s ]
INFO: Run Common\Behavior\InitHookBehavior [ RunTime:0.002556s ]
INFO: [ app_init ] --END-- [ RunTime:0.003679s ]
INFO: [ app_begin ] --START--
INFO: Run Behavior\ReadHtmlCacheBehavior [ RunTime:0.000685s ]
INFO: [ app_begin ] --END-- [ RunTime:0.000975s ]

[ 2016-02-22T23:44:27+08:00 ] ::1 /portal2/root/admin.php?s=/public/login.html
INFO: [ app_init ] --START--
INFO: Run Behavior\BuildLiteBehavior [ RunTime:0.000153s ]
INFO: Run Common\Behavior\InitHookBehavior [ RunTime:0.005823s ]
INFO: [ app_init ] --END-- [ RunTime:0.008593s ]
INFO: [ app_begin ] --START--
INFO: Run Behavior\ReadHtmlCacheBehavior [ RunTime:0.001271s ]
INFO: [ app_begin ] --END-- [ RunTime:0.001693s ]

[ 2016-02-22T23:54:12+08:00 ] ::1 /portal2/root/admin.php?s=/public/verify.html
INFO: [ app_init ] --START--
INFO: Run Behavior\BuildLiteBehavior [ RunTime:0.000146s ]
INFO: Run Common\Behavior\InitHookBehavior [ RunTime:0.005924s ]
INFO: [ app_init ] --END-- [ RunTime:0.007621s ]
INFO: [ app_begin ] --START--
INFO: Run Behavior\ReadHtmlCacheBehavior [ RunTime:0.001208s ]
INFO: [ app_begin ] --END-- [ RunTime:0.001978s ]

[ 2016-02-22T23:54:15+08:00 ] ::1 /portal2/root/admin.php?s=/public/login.html&XDEBUG_SESSION_START=ECLIPSE_DBGP&KEY=14561564232824
INFO: [ app_init ] --START--
INFO: Run Behavior\BuildLiteBehavior [ RunTime:0.000087s ]
INFO: Run Common\Behavior\InitHookBehavior [ RunTime:0.003276s ]
INFO: [ app_init ] --END-- [ RunTime:0.004379s ]
INFO: [ app_begin ] --START--
INFO: Run Behavior\ReadHtmlCacheBehavior [ RunTime:0.000808s ]
INFO: [ app_begin ] --END-- [ RunTime:0.001234s ]

