[ 2016-02-23T00:02:36+08:00 ] ::1 /portal2/root/admin.php?s=/public/login.html
INFO: [ app_init ] --START--
INFO: Run Behavior\BuildLiteBehavior [ RunTime:0.000206s ]
INFO: Run Common\Behavior\InitHookBehavior [ RunTime:0.005930s ]
INFO: [ app_init ] --END-- [ RunTime:0.007694s ]
INFO: [ app_begin ] --START--
INFO: Run Behavior\ReadHtmlCacheBehavior [ RunTime:0.000684s ]
INFO: [ app_begin ] --END-- [ RunTime:0.000978s ]

[ 2016-02-23T09:48:54+08:00 ] ::1 /portal2/root/admin.php?s=/public/login.html
INFO: [ app_init ] --START--
INFO: Run Behavior\BuildLiteBehavior [ RunTime:0.000147s ]
INFO: Run Common\Behavior\InitHookBehavior [ RunTime:0.008169s ]
INFO: [ app_init ] --END-- [ RunTime:0.010290s ]
INFO: [ app_begin ] --START--
INFO: Run Behavior\ReadHtmlCacheBehavior [ RunTime:0.001561s ]
INFO: [ app_begin ] --END-- [ RunTime:0.002148s ]
ERR: Redis server went away

[ 2016-02-23T09:49:07+08:00 ] ::1 /portal2/root/admin.php?s=/public/login.html
INFO: [ app_init ] --START--
INFO: Run Behavior\BuildLiteBehavior [ RunTime:0.000155s ]
INFO: Run Common\Behavior\InitHookBehavior [ RunTime:0.003544s ]
INFO: [ app_init ] --END-- [ RunTime:0.005301s ]
INFO: [ app_begin ] --START--
INFO: Run Behavior\ReadHtmlCacheBehavior [ RunTime:0.000993s ]
INFO: [ app_begin ] --END-- [ RunTime:0.001581s ]

[ 2016-02-23T09:49:07+08:00 ] ::1 /portal2/root/admin.php?s=/public/verify.html
INFO: [ app_init ] --START--
INFO: Run Behavior\BuildLiteBehavior [ RunTime:0.000146s ]
INFO: Run Common\Behavior\InitHookBehavior [ RunTime:0.004980s ]
INFO: [ app_init ] --END-- [ RunTime:0.006702s ]
INFO: [ app_begin ] --START--
INFO: Run Behavior\ReadHtmlCacheBehavior [ RunTime:0.001262s ]
INFO: [ app_begin ] --END-- [ RunTime:0.001833s ]

[ 2016-02-23T09:58:09+08:00 ] ::1 /portal2/root/admin.php?s=/public/verify.html
INFO: [ app_init ] --START--
INFO: Run Behavior\BuildLiteBehavior [ RunTime:0.000149s ]
INFO: Run Common\Behavior\InitHookBehavior [ RunTime:0.005617s ]
INFO: [ app_init ] --END-- [ RunTime:0.007316s ]
INFO: [ app_begin ] --START--
INFO: Run Behavior\ReadHtmlCacheBehavior [ RunTime:0.001231s ]
INFO: [ app_begin ] --END-- [ RunTime:0.001852s ]

[ 2016-02-23T09:58:13+08:00 ] ::1 /portal2/root/admin.php?s=/public/login.html&XDEBUG_SESSION_START=ECLIPSE_DBGP&KEY=14561926536941
INFO: [ app_init ] --START--
INFO: Run Behavior\BuildLiteBehavior [ RunTime:0.000136s ]
INFO: Run Common\Behavior\InitHookBehavior [ RunTime:0.003105s ]
INFO: [ app_init ] --END-- [ RunTime:0.004250s ]
INFO: [ app_begin ] --START--
INFO: Run Behavior\ReadHtmlCacheBehavior [ RunTime:0.001053s ]
INFO: [ app_begin ] --END-- [ RunTime:0.001437s ]

[ 2016-02-23T10:05:50+08:00 ] ::1 /portal2/root/admin.php?s=/public/login.html&XDEBUG_SESSION_START=ECLIPSE_DBGP&KEY=14561926536941
INFO: [ app_init ] --START--
INFO: Run Behavior\BuildLiteBehavior [ RunTime:0.000156s ]
INFO: Run Common\Behavior\InitHookBehavior [ RunTime:0.004149s ]
INFO: [ app_init ] --END-- [ RunTime:0.005893s ]
INFO: [ app_begin ] --START--
INFO: Run Behavior\ReadHtmlCacheBehavior [ RunTime:0.000876s ]
INFO: [ app_begin ] --END-- [ RunTime:0.001228s ]

[ 2016-02-23T10:09:40+08:00 ] ::1 /portal2/root/admin.php?s=/public/login.html&XDEBUG_SESSION_START=ECLIPSE_DBGP&KEY=14561926536941
INFO: [ app_init ] --START--
INFO: Run Behavior\BuildLiteBehavior [ RunTime:0.000147s ]
INFO: Run Common\Behavior\InitHookBehavior [ RunTime:0.004628s ]
INFO: [ app_init ] --END-- [ RunTime:0.007096s ]
INFO: [ app_begin ] --START--
INFO: Run Behavior\ReadHtmlCacheBehavior [ RunTime:0.000830s ]
INFO: [ app_begin ] --END-- [ RunTime:0.001170s ]

[ 2016-02-23T10:09:40+08:00 ] ::1 /portal2/root/admin.php?s=/public/verify.html
INFO: [ app_init ] --START--
INFO: Run Behavior\BuildLiteBehavior [ RunTime:0.000143s ]
INFO: Run Common\Behavior\InitHookBehavior [ RunTime:0.008902s ]
INFO: [ app_init ] --END-- [ RunTime:0.010498s ]
INFO: [ app_begin ] --START--
INFO: Run Behavior\ReadHtmlCacheBehavior [ RunTime:0.001067s ]
INFO: [ app_begin ] --END-- [ RunTime:0.001620s ]

[ 2016-02-23T10:09:57+08:00 ] ::1 /portal2/root/admin.php?s=/public/verify.html
INFO: [ app_init ] --START--
INFO: Run Behavior\BuildLiteBehavior [ RunTime:0.000200s ]
INFO: Run Common\Behavior\InitHookBehavior [ RunTime:0.024230s ]
INFO: [ app_init ] --END-- [ RunTime:0.030763s ]
INFO: [ app_begin ] --START--
INFO: Run Behavior\ReadHtmlCacheBehavior [ RunTime:0.001545s ]
INFO: [ app_begin ] --END-- [ RunTime:0.002317s ]

[ 2016-02-23T10:10:00+08:00 ] ::1 /portal2/root/admin.php?s=/public/login.html&XDEBUG_SESSION_START=ECLIPSE_DBGP&KEY=14561933884182
INFO: [ app_init ] --START--
INFO: Run Behavior\BuildLiteBehavior [ RunTime:0.000202s ]
INFO: Run Common\Behavior\InitHookBehavior [ RunTime:0.006851s ]
INFO: [ app_init ] --END-- [ RunTime:0.009269s ]
INFO: [ app_begin ] --START--
INFO: Run Behavior\ReadHtmlCacheBehavior [ RunTime:0.001442s ]
INFO: [ app_begin ] --END-- [ RunTime:0.002170s ]

[ 2016-02-23T10:11:29+08:00 ] ::1 /portal2/root/admin.php?s=/public/login.html
INFO: [ app_init ] --START--
INFO: Run Behavior\BuildLiteBehavior [ RunTime:0.000131s ]
INFO: Run Common\Behavior\InitHookBehavior [ RunTime:0.004212s ]
INFO: [ app_init ] --END-- [ RunTime:0.006651s ]
INFO: [ app_begin ] --START--
INFO: Run Behavior\ReadHtmlCacheBehavior [ RunTime:0.001100s ]
INFO: [ app_begin ] --END-- [ RunTime:0.001561s ]

[ 2016-02-23T10:11:29+08:00 ] ::1 /portal2/root/admin.php?s=/public/verify.html&random=0.5693468737881631
INFO: [ app_init ] --START--
INFO: Run Behavior\BuildLiteBehavior [ RunTime:0.000125s ]
INFO: Run Common\Behavior\InitHookBehavior [ RunTime:0.004430s ]
INFO: [ app_init ] --END-- [ RunTime:0.006014s ]
INFO: [ app_begin ] --START--
INFO: Run Behavior\ReadHtmlCacheBehavior [ RunTime:0.001092s ]
INFO: [ app_begin ] --END-- [ RunTime:0.003102s ]

[ 2016-02-23T10:11:38+08:00 ] ::1 /portal2/root/admin.php?s=/public/verify.html&random=0.5818322584964335
INFO: [ app_init ] --START--
INFO: Run Behavior\BuildLiteBehavior [ RunTime:0.000151s ]
INFO: Run Common\Behavior\InitHookBehavior [ RunTime:0.004840s ]
INFO: [ app_init ] --END-- [ RunTime:0.006352s ]
INFO: [ app_begin ] --START--
INFO: Run Behavior\ReadHtmlCacheBehavior [ RunTime:0.004589s ]
INFO: [ app_begin ] --END-- [ RunTime:0.005919s ]

[ 2016-02-23T10:59:47+08:00 ] ::1 /aladdin/root/admin.php?s=/public/login.html
INFO: [ app_init ] --START--
INFO: Run Behavior\BuildLiteBehavior [ RunTime:0.000132s ]
INFO: Run Common\Behavior\InitHookBehavior [ RunTime:0.010091s ]
INFO: [ app_init ] --END-- [ RunTime:0.012017s ]
INFO: [ app_begin ] --START--
INFO: Run Behavior\ReadHtmlCacheBehavior [ RunTime:0.001341s ]
INFO: [ app_begin ] --END-- [ RunTime:0.001845s ]

[ 2016-02-23T10:59:47+08:00 ] ::1 /aladdin/root/admin.php?s=/public/verify.html
INFO: [ app_init ] --START--
INFO: Run Behavior\BuildLiteBehavior [ RunTime:0.000269s ]
INFO: Run Common\Behavior\InitHookBehavior [ RunTime:0.006302s ]
INFO: [ app_init ] --END-- [ RunTime:0.008928s ]
INFO: [ app_begin ] --START--
INFO: Run Behavior\ReadHtmlCacheBehavior [ RunTime:0.001614s ]
INFO: [ app_begin ] --END-- [ RunTime:0.002470s ]

[ 2016-02-23T10:59:57+08:00 ] ::1 /aladdin/root/admin.php?s=/public/login.html
INFO: [ app_init ] --START--
INFO: Run Behavior\BuildLiteBehavior [ RunTime:0.000151s ]
INFO: Run Common\Behavior\InitHookBehavior [ RunTime:0.012856s ]
INFO: [ app_init ] --END-- [ RunTime:0.015090s ]
INFO: [ app_begin ] --START--
INFO: Run Behavior\ReadHtmlCacheBehavior [ RunTime:0.002028s ]
INFO: [ app_begin ] --END-- [ RunTime:0.002598s ]
SQL: SHOW COLUMNS FROM `t_member` [ RunTime:0.0148s ]
SQL: SELECT `uid`,`nickname`,`headimgurl`,`sex`,`birthday`,`qq`,`score`,`login`,`reg_ip`,`reg_time`,`last_login_ip`,`last_login_time`,`update_time`,`status` FROM `t_member` WHERE `uid` = 1 LIMIT 1   [ RunTime:0.0016s ]
SQL: SHOW COLUMNS FROM `t_action` [ RunTime:0.0103s ]
SQL: SELECT * FROM `t_action` WHERE `name` = 'user_login' LIMIT 1   [ RunTime:0.0011s ]
SQL: SHOW COLUMNS FROM `t_action_log` [ RunTime:0.0076s ]
SQL: INSERT INTO `t_action_log` (`action_id`,`user_id`,`action_ip`,`model`,`record_id`,`create_time`,`remark`) VALUES ('1','1','0','member','1','1456196397','root在2016-02-23 10:59:57登录了后台') [ RunTime:0.0108s ]
SQL: SELECT * FROM `t_action` WHERE `name` = 'user_login' LIMIT 1   [ RunTime:0.0005s ]
NOTIC: [8] Undefined offset: 1 D:\wamp\www\aladdin\Application\Common\Common\function.php 第 737 行.
NOTIC: [2] array_key_exists() expects parameter 2 to be array, null given D:\wamp\www\aladdin\Application\Common\Common\function.php 第 737 行.
SQL: SELECT COUNT(*) AS tp_count FROM `t_action_log` WHERE `action_id` = 1 AND `user_id` = 1 AND `create_time` > 1456109997 LIMIT 1   [ RunTime:0.0025s ]
SQL: UPDATE `t_member` SET `login`=`login`+1,`last_login_time`='1456196397',`last_login_ip`='0' WHERE `uid` = 1 [ RunTime:0.0051s ]

[ 2016-02-23T10:59:59+08:00 ] ::1 /aladdin/root/admin.php?s=/index/index.html
INFO: [ app_init ] --START--
INFO: Run Behavior\BuildLiteBehavior [ RunTime:0.000166s ]
INFO: Run Common\Behavior\InitHookBehavior [ RunTime:0.007582s ]
INFO: [ app_init ] --END-- [ RunTime:0.010717s ]
INFO: [ app_begin ] --START--
INFO: Run Behavior\ReadHtmlCacheBehavior [ RunTime:0.003082s ]
INFO: [ app_begin ] --END-- [ RunTime:0.003801s ]

[ 2016-02-23T11:00:38+08:00 ] ::1 /aladdin/root/admin.php?s=/menu/index.html
INFO: [ app_init ] --START--
INFO: Run Behavior\BuildLiteBehavior [ RunTime:0.000146s ]
INFO: Run Common\Behavior\InitHookBehavior [ RunTime:0.007231s ]
INFO: [ app_init ] --END-- [ RunTime:0.020822s ]
INFO: [ app_begin ] --START--
INFO: Run Behavior\ReadHtmlCacheBehavior [ RunTime:0.003311s ]
INFO: [ app_begin ] --END-- [ RunTime:0.003888s ]

[ 2016-02-23T11:01:08+08:00 ] ::1 /aladdin/root/admin.php?s=/menu/index.html&title=%E8%AE%A2%E5%8D%95
INFO: [ app_init ] --START--
INFO: Run Behavior\BuildLiteBehavior [ RunTime:0.000168s ]
INFO: Run Common\Behavior\InitHookBehavior [ RunTime:0.019383s ]
INFO: [ app_init ] --END-- [ RunTime:0.021762s ]
INFO: [ app_begin ] --START--
INFO: Run Behavior\ReadHtmlCacheBehavior [ RunTime:0.002090s ]
INFO: [ app_begin ] --END-- [ RunTime:0.005431s ]

[ 2016-02-23T11:01:14+08:00 ] ::1 /aladdin/root/admin.php?s=/menu/index/pid/228.html
INFO: [ app_init ] --START--
INFO: Run Behavior\BuildLiteBehavior [ RunTime:0.000180s ]
INFO: Run Common\Behavior\InitHookBehavior [ RunTime:0.009077s ]
INFO: [ app_init ] --END-- [ RunTime:0.012584s ]
INFO: [ app_begin ] --START--
INFO: Run Behavior\ReadHtmlCacheBehavior [ RunTime:0.001362s ]
INFO: [ app_begin ] --END-- [ RunTime:0.001807s ]

[ 2016-02-23T11:01:27+08:00 ] ::1 /aladdin/root/admin.php?s=/menu/add/pid/228.html
INFO: [ app_init ] --START--
INFO: Run Behavior\BuildLiteBehavior [ RunTime:0.000135s ]
INFO: Run Common\Behavior\InitHookBehavior [ RunTime:0.005676s ]
INFO: [ app_init ] --END-- [ RunTime:0.007541s ]
INFO: [ app_begin ] --START--
INFO: Run Behavior\ReadHtmlCacheBehavior [ RunTime:0.002853s ]
INFO: [ app_begin ] --END-- [ RunTime:0.005120s ]

[ 2016-02-23T11:02:04+08:00 ] ::1 /aladdin/root/admin.php?s=/book/sheji.html
INFO: [ app_init ] --START--
INFO: Run Behavior\BuildLiteBehavior [ RunTime:0.000144s ]
INFO: Run Common\Behavior\InitHookBehavior [ RunTime:0.005940s ]
INFO: [ app_init ] --END-- [ RunTime:0.007718s ]
INFO: [ app_begin ] --START--
INFO: Run Behavior\ReadHtmlCacheBehavior [ RunTime:0.001205s ]
INFO: [ app_begin ] --END-- [ RunTime:0.001857s ]
ERR: 无法加载控制器:Book

[ 2016-02-23T11:02:30+08:00 ] ::1 /aladdin/root/admin.php?s=/menu/index.html
INFO: [ app_init ] --START--
INFO: Run Behavior\BuildLiteBehavior [ RunTime:0.000130s ]
INFO: Run Common\Behavior\InitHookBehavior [ RunTime:0.005274s ]
INFO: [ app_init ] --END-- [ RunTime:0.007088s ]
INFO: [ app_begin ] --START--
INFO: Run Behavior\ReadHtmlCacheBehavior [ RunTime:0.001471s ]
INFO: [ app_begin ] --END-- [ RunTime:0.003320s ]

[ 2016-02-23T11:02:35+08:00 ] ::1 /aladdin/root/admin.php?s=/menu/index/pid/228.html
INFO: [ app_init ] --START--
INFO: Run Behavior\BuildLiteBehavior [ RunTime:0.000198s ]
INFO: Run Common\Behavior\InitHookBehavior [ RunTime:0.006870s ]
INFO: [ app_init ] --END-- [ RunTime:0.011682s ]
INFO: [ app_begin ] --START--
INFO: Run Behavior\ReadHtmlCacheBehavior [ RunTime:0.002747s ]
INFO: [ app_begin ] --END-- [ RunTime:0.007864s ]

[ 2016-02-23T11:02:52+08:00 ] ::1 /aladdin/root/admin.php?s=/menu/edit/id/240.html
INFO: [ app_init ] --START--
INFO: Run Behavior\BuildLiteBehavior [ RunTime:0.000148s ]
INFO: Run Common\Behavior\InitHookBehavior [ RunTime:0.007039s ]
INFO: [ app_init ] --END-- [ RunTime:0.009053s ]
INFO: [ app_begin ] --START--
INFO: Run Behavior\ReadHtmlCacheBehavior [ RunTime:0.001562s ]
INFO: [ app_begin ] --END-- [ RunTime:0.002365s ]

[ 2016-02-23T11:03:43+08:00 ] ::1 /aladdin/root/admin.php?s=/menu/edit/id/240.html
INFO: [ app_init ] --START--
INFO: Run Behavior\BuildLiteBehavior [ RunTime:0.000188s ]
INFO: Run Common\Behavior\InitHookBehavior [ RunTime:0.005607s ]
INFO: [ app_init ] --END-- [ RunTime:0.007585s ]
INFO: [ app_begin ] --START--
INFO: Run Behavior\ReadHtmlCacheBehavior [ RunTime:0.001581s ]
INFO: [ app_begin ] --END-- [ RunTime:0.002385s ]

[ 2016-02-23T11:04:51+08:00 ] ::1 /aladdin/root/admin.php?s=/menu/edit/id/240.html
INFO: [ app_init ] --START--
INFO: Run Behavior\BuildLiteBehavior [ RunTime:0.000155s ]
INFO: Run Common\Behavior\InitHookBehavior [ RunTime:0.006243s ]
INFO: [ app_init ] --END-- [ RunTime:0.007951s ]
INFO: [ app_begin ] --START--
INFO: Run Behavior\ReadHtmlCacheBehavior [ RunTime:0.001504s ]
INFO: [ app_begin ] --END-- [ RunTime:0.001991s ]
SQL: SHOW COLUMNS FROM `t_menu` [ RunTime:0.0097s ]
SQL: SELECT `id`,`pid`,`title` FROM `t_menu` WHERE ( url like '%Menu/edit%' ) LIMIT 1   [ RunTime:0.0007s ]
SQL: SELECT `id`,`pid`,`title` FROM `t_menu` WHERE `id` = 75 LIMIT 1   [ RunTime:0.0004s ]
SQL: SELECT `id`,`pid`,`title` FROM `t_menu` WHERE `id` = 68 LIMIT 1   [ RunTime:0.0006s ]
SQL: SHOW COLUMNS FROM `t_xxfb_platform_notices` [ RunTime:0.0066s ]
SQL: SELECT COUNT(*) AS tp_count FROM `t_xxfb_platform_notices` WHERE `status` = 'NO#' LIMIT 1   [ RunTime:0.0007s ]
SQL: SHOW COLUMNS FROM `t_menu` [ RunTime:0.0071s ]
SQL: UPDATE `t_menu` SET `title`='订单设置',`sort`='1',`url`='Book/shezhi',`pid`='228',`group`='',`hide`='0',`is_dev`='0',`class_fix`='' WHERE `id` = 240 [ RunTime:0.0048s ]
SQL: SHOW COLUMNS FROM `t_action` [ RunTime:0.0068s ]
SQL: SELECT * FROM `t_action` WHERE `name` = 'update_menu' LIMIT 1   [ RunTime:0.0007s ]
SQL: SHOW COLUMNS FROM `t_action_log` [ RunTime:0.0072s ]
SQL: INSERT INTO `t_action_log` (`action_id`,`user_id`,`action_ip`,`model`,`record_id`,`create_time`,`remark`) VALUES ('10','1','0','Menu','240','1456196690','操作url：/aladdin/root/admin.php?s=/menu/edit/id/240.html') [ RunTime:0.0045s ]

[ 2016-02-23T11:04:53+08:00 ] ::1 /aladdin/root/admin.php?s=/menu/index/pid/228.html
INFO: [ app_init ] --START--
INFO: Run Behavior\BuildLiteBehavior [ RunTime:0.002376s ]
INFO: Run Common\Behavior\InitHookBehavior [ RunTime:0.008065s ]
INFO: [ app_init ] --END-- [ RunTime:0.013418s ]
INFO: [ app_begin ] --START--
INFO: Run Behavior\ReadHtmlCacheBehavior [ RunTime:0.002983s ]
INFO: [ app_begin ] --END-- [ RunTime:0.003671s ]

[ 2016-02-23T11:05:05+08:00 ] ::1 /aladdin/root/admin.php?s=/index/index.html
INFO: [ app_init ] --START--
INFO: Run Behavior\BuildLiteBehavior [ RunTime:0.000165s ]
INFO: Run Common\Behavior\InitHookBehavior [ RunTime:0.009485s ]
INFO: [ app_init ] --END-- [ RunTime:0.011536s ]
INFO: [ app_begin ] --START--
INFO: Run Behavior\ReadHtmlCacheBehavior [ RunTime:0.003183s ]
INFO: [ app_begin ] --END-- [ RunTime:0.005421s ]

[ 2016-02-23T11:08:20+08:00 ] ::1 /aladdin/root/admin.php?s=/booke/index.html
INFO: [ app_init ] --START--
INFO: Run Behavior\BuildLiteBehavior [ RunTime:0.000172s ]
INFO: Run Common\Behavior\InitHookBehavior [ RunTime:0.011766s ]
INFO: [ app_init ] --END-- [ RunTime:0.013848s ]
INFO: [ app_begin ] --START--
INFO: Run Behavior\ReadHtmlCacheBehavior [ RunTime:0.001247s ]
INFO: [ app_begin ] --END-- [ RunTime:0.001708s ]
ERR: 无法加载控制器:Booke

[ 2016-02-23T11:08:48+08:00 ] ::1 /aladdin/root/admin.php?s=/goods/add.html
INFO: [ app_init ] --START--
INFO: Run Behavior\BuildLiteBehavior [ RunTime:0.000185s ]
INFO: Run Common\Behavior\InitHookBehavior [ RunTime:0.006743s ]
INFO: [ app_init ] --END-- [ RunTime:0.008933s ]
INFO: [ app_begin ] --START--
INFO: Run Behavior\ReadHtmlCacheBehavior [ RunTime:0.001757s ]
INFO: [ app_begin ] --END-- [ RunTime:0.002477s ]
ERR: 模板不存在:D:\wamp\www\aladdin\Application/Admin/View/ace/Goods/add.php

[ 2016-02-23T11:09:22+08:00 ] ::1 /aladdin/root/admin.php?s=/index/index.html
INFO: [ app_init ] --START--
INFO: Run Behavior\BuildLiteBehavior [ RunTime:0.000184s ]
INFO: Run Common\Behavior\InitHookBehavior [ RunTime:0.007995s ]
INFO: [ app_init ] --END-- [ RunTime:0.010118s ]
INFO: [ app_begin ] --START--
INFO: Run Behavior\ReadHtmlCacheBehavior [ RunTime:0.002355s ]
INFO: [ app_begin ] --END-- [ RunTime:0.003326s ]

[ 2016-02-23T11:09:29+08:00 ] ::1 /aladdin/root/admin.php?s=/book/shezhi.html
INFO: [ app_init ] --START--
INFO: Run Behavior\BuildLiteBehavior [ RunTime:0.000195s ]
INFO: Run Common\Behavior\InitHookBehavior [ RunTime:0.006852s ]
INFO: [ app_init ] --END-- [ RunTime:0.009166s ]
INFO: [ app_begin ] --START--
INFO: Run Behavior\ReadHtmlCacheBehavior [ RunTime:0.002283s ]
INFO: [ app_begin ] --END-- [ RunTime:0.004695s ]
ERR: 无法加载控制器:Book

[ 2016-02-23T11:10:14+08:00 ] ::1 /aladdin/root/admin.php?s=/book/shezhi.html
INFO: [ app_init ] --START--
INFO: Run Behavior\BuildLiteBehavior [ RunTime:0.000139s ]
INFO: Run Common\Behavior\InitHookBehavior [ RunTime:0.007609s ]
INFO: [ app_init ] --END-- [ RunTime:0.009475s ]
INFO: [ app_begin ] --START--
INFO: Run Behavior\ReadHtmlCacheBehavior [ RunTime:0.001454s ]
INFO: [ app_begin ] --END-- [ RunTime:0.002856s ]
ERR: 无法加载控制器:Book

[ 2016-02-23T11:10:59+08:00 ] ::1 /aladdin/root/admin.php?s=/index/index.html
INFO: [ app_init ] --START--
INFO: Run Behavior\BuildLiteBehavior [ RunTime:0.000147s ]
INFO: Run Common\Behavior\InitHookBehavior [ RunTime:0.008517s ]
INFO: [ app_init ] --END-- [ RunTime:0.010747s ]
INFO: [ app_begin ] --START--
INFO: Run Behavior\ReadHtmlCacheBehavior [ RunTime:0.001751s ]
INFO: [ app_begin ] --END-- [ RunTime:0.002402s ]

[ 2016-02-23T11:11:28+08:00 ] ::1 /aladdin/root/admin.php?s=/index/index.html
INFO: [ app_init ] --START--
INFO: Run Behavior\BuildLiteBehavior [ RunTime:0.000162s ]
INFO: Run Common\Behavior\InitHookBehavior [ RunTime:0.005558s ]
INFO: [ app_init ] --END-- [ RunTime:0.009298s ]
INFO: [ app_begin ] --START--
INFO: Run Behavior\ReadHtmlCacheBehavior [ RunTime:0.001633s ]
INFO: [ app_begin ] --END-- [ RunTime:0.002197s ]

[ 2016-02-23T11:11:51+08:00 ] ::1 /aladdin/root/admin.php?s=/index/index.html
INFO: [ app_init ] --START--
INFO: Run Behavior\BuildLiteBehavior [ RunTime:0.000135s ]
INFO: Run Common\Behavior\InitHookBehavior [ RunTime:0.006089s ]
INFO: [ app_init ] --END-- [ RunTime:0.007921s ]
INFO: [ app_begin ] --START--
INFO: Run Behavior\ReadHtmlCacheBehavior [ RunTime:0.001695s ]
INFO: [ app_begin ] --END-- [ RunTime:0.002576s ]

[ 2016-02-23T11:11:55+08:00 ] ::1 /aladdin/root/admin.php?s=/book/shezhi.html
INFO: [ app_init ] --START--
INFO: Run Behavior\BuildLiteBehavior [ RunTime:0.000197s ]
INFO: Run Common\Behavior\InitHookBehavior [ RunTime:0.009702s ]
INFO: [ app_init ] --END-- [ RunTime:0.012026s ]
INFO: [ app_begin ] --START--
INFO: Run Behavior\ReadHtmlCacheBehavior [ RunTime:0.001821s ]
INFO: [ app_begin ] --END-- [ RunTime:0.002622s ]

[ 2016-02-23T11:12:01+08:00 ] ::1 /aladdin/root/admin.php?s=/book/shezhi.html
INFO: [ app_init ] --START--
INFO: Run Behavior\BuildLiteBehavior [ RunTime:0.000807s ]
INFO: Run Common\Behavior\InitHookBehavior [ RunTime:0.006274s ]
INFO: [ app_init ] --END-- [ RunTime:0.009041s ]
INFO: [ app_begin ] --START--
INFO: Run Behavior\ReadHtmlCacheBehavior [ RunTime:0.001653s ]
INFO: [ app_begin ] --END-- [ RunTime:0.002257s ]

[ 2016-02-23T11:13:12+08:00 ] ::1 /aladdin/root/admin.php?s=/category/index.html
INFO: [ app_init ] --START--
INFO: Run Behavior\BuildLiteBehavior [ RunTime:0.000298s ]
INFO: Run Common\Behavior\InitHookBehavior [ RunTime:0.010163s ]
INFO: [ app_init ] --END-- [ RunTime:0.012171s ]
INFO: [ app_begin ] --START--
INFO: Run Behavior\ReadHtmlCacheBehavior [ RunTime:0.001524s ]
INFO: [ app_begin ] --END-- [ RunTime:0.002164s ]

[ 2016-02-23T11:13:35+08:00 ] ::1 /aladdin/root/admin.php?s=/config/category.html
INFO: [ app_init ] --START--
INFO: Run Behavior\BuildLiteBehavior [ RunTime:0.000225s ]
INFO: Run Common\Behavior\InitHookBehavior [ RunTime:0.007581s ]
INFO: [ app_init ] --END-- [ RunTime:0.015738s ]
INFO: [ app_begin ] --START--
INFO: Run Behavior\ReadHtmlCacheBehavior [ RunTime:0.001612s ]
INFO: [ app_begin ] --END-- [ RunTime:0.002453s ]

[ 2016-02-23T11:13:46+08:00 ] ::1 /aladdin/root/admin.php?s=/config/platformbank.html
INFO: [ app_init ] --START--
INFO: Run Behavior\BuildLiteBehavior [ RunTime:0.000241s ]
INFO: Run Common\Behavior\InitHookBehavior [ RunTime:0.058946s ]
INFO: [ app_init ] --END-- [ RunTime:0.064132s ]
INFO: [ app_begin ] --START--
INFO: Run Behavior\ReadHtmlCacheBehavior [ RunTime:0.005087s ]
INFO: [ app_begin ] --END-- [ RunTime:0.006394s ]

[ 2016-02-23T11:13:54+08:00 ] ::1 /aladdin/root/admin.php?s=/goods/index.html
INFO: [ app_init ] --START--
INFO: Run Behavior\BuildLiteBehavior [ RunTime:0.000161s ]
INFO: Run Common\Behavior\InitHookBehavior [ RunTime:0.006406s ]
INFO: [ app_init ] --END-- [ RunTime:0.008185s ]
INFO: [ app_begin ] --START--
INFO: Run Behavior\ReadHtmlCacheBehavior [ RunTime:0.001500s ]
INFO: [ app_begin ] --END-- [ RunTime:0.002125s ]
ERR: SQLSTATE[42S02]: Base table or view not found: 1146 La table 'aladdin.t_goods' n'existe pas

[ 2016-02-23T11:14:01+08:00 ] ::1 /aladdin/root/admin.php?s=/book/shezhi.html
INFO: [ app_init ] --START--
INFO: Run Behavior\BuildLiteBehavior [ RunTime:0.000170s ]
INFO: Run Common\Behavior\InitHookBehavior [ RunTime:0.007183s ]
INFO: [ app_init ] --END-- [ RunTime:0.009299s ]
INFO: [ app_begin ] --START--
INFO: Run Behavior\ReadHtmlCacheBehavior [ RunTime:0.007810s ]
INFO: [ app_begin ] --END-- [ RunTime:0.008569s ]

[ 2016-02-23T11:15:54+08:00 ] ::1 /aladdin/root/admin.php?s=/booke/index.html
INFO: [ app_init ] --START--
INFO: Run Behavior\BuildLiteBehavior [ RunTime:0.000150s ]
INFO: Run Common\Behavior\InitHookBehavior [ RunTime:0.015726s ]
INFO: [ app_init ] --END-- [ RunTime:0.018954s ]
INFO: [ app_begin ] --START--
INFO: Run Behavior\ReadHtmlCacheBehavior [ RunTime:0.001773s ]
INFO: [ app_begin ] --END-- [ RunTime:0.002496s ]
ERR: 无法加载控制器:Booke

[ 2016-02-23T11:16:01+08:00 ] ::1 /aladdin/root/admin.php?s=/action/actionlog.html
INFO: [ app_init ] --START--
INFO: Run Behavior\BuildLiteBehavior [ RunTime:0.000180s ]
INFO: Run Common\Behavior\InitHookBehavior [ RunTime:0.006589s ]
INFO: [ app_init ] --END-- [ RunTime:0.008834s ]
INFO: [ app_begin ] --START--
INFO: Run Behavior\ReadHtmlCacheBehavior [ RunTime:0.001771s ]
INFO: [ app_begin ] --END-- [ RunTime:0.002446s ]

[ 2016-02-23T11:16:07+08:00 ] ::1 /aladdin/root/admin.php?s=/auth_manager/index.html
INFO: [ app_init ] --START--
INFO: Run Behavior\BuildLiteBehavior [ RunTime:0.000191s ]
INFO: Run Common\Behavior\InitHookBehavior [ RunTime:0.006903s ]
INFO: [ app_init ] --END-- [ RunTime:0.009080s ]
INFO: [ app_begin ] --START--
INFO: Run Behavior\ReadHtmlCacheBehavior [ RunTime:0.001739s ]
INFO: [ app_begin ] --END-- [ RunTime:0.002408s ]

[ 2016-02-23T11:16:11+08:00 ] ::1 /aladdin/root/admin.php?s=/user/action.html
INFO: [ app_init ] --START--
INFO: Run Behavior\BuildLiteBehavior [ RunTime:0.000185s ]
INFO: Run Common\Behavior\InitHookBehavior [ RunTime:0.008891s ]
INFO: [ app_init ] --END-- [ RunTime:0.011262s ]
INFO: [ app_begin ] --START--
INFO: Run Behavior\ReadHtmlCacheBehavior [ RunTime:0.001962s ]
INFO: [ app_begin ] --END-- [ RunTime:0.002794s ]

[ 2016-02-23T11:16:14+08:00 ] ::1 /aladdin/root/admin.php?s=/user/index.html
INFO: [ app_init ] --START--
INFO: Run Behavior\BuildLiteBehavior [ RunTime:0.000182s ]
INFO: Run Common\Behavior\InitHookBehavior [ RunTime:0.008904s ]
INFO: [ app_init ] --END-- [ RunTime:0.017553s ]
INFO: [ app_begin ] --START--
INFO: Run Behavior\ReadHtmlCacheBehavior [ RunTime:0.001928s ]
INFO: [ app_begin ] --END-- [ RunTime:0.002612s ]

[ 2016-02-23T11:16:30+08:00 ] ::1 /aladdin/root/admin.php?s=/user/resetpupwd.html
INFO: [ app_init ] --START--
INFO: Run Behavior\BuildLiteBehavior [ RunTime:0.000161s ]
INFO: Run Common\Behavior\InitHookBehavior [ RunTime:0.010972s ]
INFO: [ app_init ] --END-- [ RunTime:0.012881s ]
INFO: [ app_begin ] --START--
INFO: Run Behavior\ReadHtmlCacheBehavior [ RunTime:0.000950s ]
INFO: [ app_begin ] --END-- [ RunTime:0.001381s ]

[ 2016-02-23T11:16:33+08:00 ] ::1 /aladdin/root/admin.php?s=/user/paasusers.html
INFO: [ app_init ] --START--
INFO: Run Behavior\BuildLiteBehavior [ RunTime:0.000181s ]
INFO: Run Common\Behavior\InitHookBehavior [ RunTime:0.008744s ]
INFO: [ app_init ] --END-- [ RunTime:0.010928s ]
INFO: [ app_begin ] --START--
INFO: Run Behavior\ReadHtmlCacheBehavior [ RunTime:0.003203s ]
INFO: [ app_begin ] --END-- [ RunTime:0.003906s ]

[ 2016-02-23T11:17:04+08:00 ] ::1 /aladdin/root/admin.php?s=/goods/index.html
INFO: [ app_init ] --START--
INFO: Run Behavior\BuildLiteBehavior [ RunTime:0.000140s ]
INFO: Run Common\Behavior\InitHookBehavior [ RunTime:0.004571s ]
INFO: [ app_init ] --END-- [ RunTime:0.006295s ]
INFO: [ app_begin ] --START--
INFO: Run Behavior\ReadHtmlCacheBehavior [ RunTime:0.001381s ]
INFO: [ app_begin ] --END-- [ RunTime:0.002038s ]
ERR: SQLSTATE[42S02]: Base table or view not found: 1146 La table 'aladdin.t_goods' n'existe pas

[ 2016-02-23T11:19:45+08:00 ] ::1 /aladdin/root/admin.php?s=/goods/index.html
INFO: [ app_init ] --START--
INFO: Run Behavior\BuildLiteBehavior [ RunTime:0.000122s ]
INFO: Run Common\Behavior\InitHookBehavior [ RunTime:0.007061s ]
INFO: [ app_init ] --END-- [ RunTime:0.008926s ]
INFO: [ app_begin ] --START--
INFO: Run Behavior\ReadHtmlCacheBehavior [ RunTime:0.004156s ]
INFO: [ app_begin ] --END-- [ RunTime:0.004761s ]
ERR: SQLSTATE[42S02]: Base table or view not found: 1146 La table 'aladdin.t_goods' n'existe pas

[ 2016-02-23T11:19:53+08:00 ] ::1 /aladdin/root/admin.php?s=/goods/index.html
INFO: [ app_init ] --START--
INFO: Run Behavior\BuildLiteBehavior [ RunTime:0.000158s ]
INFO: Run Common\Behavior\InitHookBehavior [ RunTime:0.005578s ]
INFO: [ app_init ] --END-- [ RunTime:0.007474s ]
INFO: [ app_begin ] --START--
INFO: Run Behavior\ReadHtmlCacheBehavior [ RunTime:0.001494s ]
INFO: [ app_begin ] --END-- [ RunTime:0.002201s ]
ERR: SQLSTATE[42S02]: Base table or view not found: 1146 La table 'aladdin.t_goods' n'existe pas

[ 2016-02-23T11:45:26+08:00 ] ::1 /aladdin/root/admin.php?s=/book/shezhi.html
INFO: [ app_init ] --START--
INFO: Run Behavior\BuildLiteBehavior [ RunTime:0.000159s ]
INFO: Run Common\Behavior\InitHookBehavior [ RunTime:0.006524s ]
INFO: [ app_init ] --END-- [ RunTime:0.010315s ]
INFO: [ app_begin ] --START--
INFO: Run Behavior\ReadHtmlCacheBehavior [ RunTime:0.001578s ]
INFO: [ app_begin ] --END-- [ RunTime:0.002469s ]

[ 2016-02-23T11:46:04+08:00 ] ::1 /aladdin/root/admin.php?s=/book/shezhi.html
INFO: [ app_init ] --START--
INFO: Run Behavior\BuildLiteBehavior [ RunTime:0.000198s ]
INFO: Run Common\Behavior\InitHookBehavior [ RunTime:0.009370s ]
INFO: [ app_init ] --END-- [ RunTime:0.015990s ]
INFO: [ app_begin ] --START--
INFO: Run Behavior\ReadHtmlCacheBehavior [ RunTime:0.002285s ]
INFO: [ app_begin ] --END-- [ RunTime:0.002945s ]

[ 2016-02-23T11:50:57+08:00 ] ::1 /aladdin/root/admin.php?s=/book/shezhi.html
INFO: [ app_init ] --START--
INFO: Run Behavior\BuildLiteBehavior [ RunTime:0.000190s ]
INFO: Run Common\Behavior\InitHookBehavior [ RunTime:0.008919s ]
INFO: [ app_init ] --END-- [ RunTime:0.011231s ]
INFO: [ app_begin ] --START--
INFO: Run Behavior\ReadHtmlCacheBehavior [ RunTime:0.010751s ]
INFO: [ app_begin ] --END-- [ RunTime:0.011443s ]

[ 2016-02-23T11:56:53+08:00 ] ::1 /aladdin/root/admin.php?s=/book/shezhi.html
INFO: [ app_init ] --START--
INFO: Run Behavior\BuildLiteBehavior [ RunTime:0.000151s ]
INFO: Run Common\Behavior\InitHookBehavior [ RunTime:0.006604s ]
INFO: [ app_init ] --END-- [ RunTime:0.010210s ]
INFO: [ app_begin ] --START--
INFO: Run Behavior\ReadHtmlCacheBehavior [ RunTime:0.002703s ]
INFO: [ app_begin ] --END-- [ RunTime:0.003700s ]

[ 2016-02-23T11:57:11+08:00 ] ::1 /aladdin/root/admin.php?s=/book/shezhi.html
INFO: [ app_init ] --START--
INFO: Run Behavior\BuildLiteBehavior [ RunTime:0.000152s ]
INFO: Run Common\Behavior\InitHookBehavior [ RunTime:0.006831s ]
INFO: [ app_init ] --END-- [ RunTime:0.010546s ]
INFO: [ app_begin ] --START--
INFO: Run Behavior\ReadHtmlCacheBehavior [ RunTime:0.001064s ]
INFO: [ app_begin ] --END-- [ RunTime:0.001593s ]

[ 2016-02-23T11:58:50+08:00 ] ::1 /aladdin/root/admin.php?s=/book/shezhi.html
INFO: [ app_init ] --START--
INFO: Run Behavior\BuildLiteBehavior [ RunTime:0.000111s ]
INFO: Run Common\Behavior\InitHookBehavior [ RunTime:0.006994s ]
INFO: [ app_init ] --END-- [ RunTime:0.008503s ]
INFO: [ app_begin ] --START--
INFO: Run Behavior\ReadHtmlCacheBehavior [ RunTime:0.002587s ]
INFO: [ app_begin ] --END-- [ RunTime:0.003197s ]

[ 2016-02-23T12:02:11+08:00 ] ::1 /aladdin/root/admin.php?s=/book/shezhi.html
INFO: [ app_init ] --START--
INFO: Run Behavior\BuildLiteBehavior [ RunTime:0.000170s ]
INFO: Run Common\Behavior\InitHookBehavior [ RunTime:0.006534s ]
INFO: [ app_init ] --END-- [ RunTime:0.008509s ]
INFO: [ app_begin ] --START--
INFO: Run Behavior\ReadHtmlCacheBehavior [ RunTime:0.001610s ]
INFO: [ app_begin ] --END-- [ RunTime:0.002150s ]

[ 2016-02-23T12:02:21+08:00 ] ::1 /aladdin/root/admin.php?s=/book/shezhi.html
INFO: [ app_init ] --START--
INFO: Run Behavior\BuildLiteBehavior [ RunTime:0.000375s ]
INFO: Run Common\Behavior\InitHookBehavior [ RunTime:0.007997s ]
INFO: [ app_init ] --END-- [ RunTime:0.010718s ]
INFO: [ app_begin ] --START--
INFO: Run Behavior\ReadHtmlCacheBehavior [ RunTime:0.001733s ]
INFO: [ app_begin ] --END-- [ RunTime:0.002494s ]

[ 2016-02-23T12:02:31+08:00 ] ::1 /aladdin/root/admin.php?s=/book/shezhi.html
INFO: [ app_init ] --START--
INFO: Run Behavior\BuildLiteBehavior [ RunTime:0.000162s ]
INFO: Run Common\Behavior\InitHookBehavior [ RunTime:0.005139s ]
INFO: [ app_init ] --END-- [ RunTime:0.006667s ]
INFO: [ app_begin ] --START--
INFO: Run Behavior\ReadHtmlCacheBehavior [ RunTime:0.006942s ]
INFO: [ app_begin ] --END-- [ RunTime:0.007642s ]

[ 2016-02-23T12:04:15+08:00 ] ::1 /aladdin/root/admin.php?s=/book/shezhi.html
INFO: [ app_init ] --START--
INFO: Run Behavior\BuildLiteBehavior [ RunTime:0.000190s ]
INFO: Run Common\Behavior\InitHookBehavior [ RunTime:0.010954s ]
INFO: [ app_init ] --END-- [ RunTime:0.013247s ]
INFO: [ app_begin ] --START--
INFO: Run Behavior\ReadHtmlCacheBehavior [ RunTime:0.001630s ]
INFO: [ app_begin ] --END-- [ RunTime:0.002323s ]

[ 2016-02-23T12:04:45+08:00 ] ::1 /aladdin/root/admin.php?s=/book/shezhi.html
INFO: [ app_init ] --START--
INFO: Run Behavior\BuildLiteBehavior [ RunTime:0.000178s ]
INFO: Run Common\Behavior\InitHookBehavior [ RunTime:0.006477s ]
INFO: [ app_init ] --END-- [ RunTime:0.011207s ]
INFO: [ app_begin ] --START--
INFO: Run Behavior\ReadHtmlCacheBehavior [ RunTime:0.001460s ]
INFO: [ app_begin ] --END-- [ RunTime:0.002382s ]

[ 2016-02-23T12:05:54+08:00 ] ::1 /aladdin/root/admin.php?s=/book/shezhi.html
INFO: [ app_init ] --START--
INFO: Run Behavior\BuildLiteBehavior [ RunTime:0.000172s ]
INFO: Run Common\Behavior\InitHookBehavior [ RunTime:0.009939s ]
INFO: [ app_init ] --END-- [ RunTime:0.013445s ]
INFO: [ app_begin ] --START--
INFO: Run Behavior\ReadHtmlCacheBehavior [ RunTime:0.006333s ]
INFO: [ app_begin ] --END-- [ RunTime:0.007208s ]

[ 2016-02-23T12:06:54+08:00 ] ::1 /aladdin/root/admin.php?s=/book/shezhi.html
INFO: [ app_init ] --START--
INFO: Run Behavior\BuildLiteBehavior [ RunTime:0.000170s ]
INFO: Run Common\Behavior\InitHookBehavior [ RunTime:0.010093s ]
INFO: [ app_init ] --END-- [ RunTime:0.012319s ]
INFO: [ app_begin ] --START--
INFO: Run Behavior\ReadHtmlCacheBehavior [ RunTime:0.003652s ]
INFO: [ app_begin ] --END-- [ RunTime:0.004289s ]

[ 2016-02-23T14:10:49+08:00 ] ::1 /aladdin/root/admin.php?s=/book/shezhi.html
INFO: [ app_init ] --START--
INFO: Run Behavior\BuildLiteBehavior [ RunTime:0.000197s ]
INFO: Run Common\Behavior\InitHookBehavior [ RunTime:0.018711s ]
INFO: [ app_init ] --END-- [ RunTime:0.028126s ]
INFO: [ app_begin ] --START--
INFO: Run Behavior\ReadHtmlCacheBehavior [ RunTime:0.026206s ]
INFO: [ app_begin ] --END-- [ RunTime:0.027864s ]

[ 2016-02-23T14:12:12+08:00 ] ::1 /aladdin/root/admin.php?s=/book/shezhi.html
INFO: [ app_init ] --START--
INFO: Run Behavior\BuildLiteBehavior [ RunTime:0.000142s ]
INFO: Run Common\Behavior\InitHookBehavior [ RunTime:0.009875s ]
INFO: [ app_init ] --END-- [ RunTime:0.011744s ]
INFO: [ app_begin ] --START--
INFO: Run Behavior\ReadHtmlCacheBehavior [ RunTime:0.001529s ]
INFO: [ app_begin ] --END-- [ RunTime:0.002196s ]

[ 2016-02-23T14:12:31+08:00 ] ::1 /aladdin/root/admin.php?s=/book/shezhi.html
INFO: [ app_init ] --START--
INFO: Run Behavior\BuildLiteBehavior [ RunTime:0.000196s ]
INFO: Run Common\Behavior\InitHookBehavior [ RunTime:0.006185s ]
INFO: [ app_init ] --END-- [ RunTime:0.008559s ]
INFO: [ app_begin ] --START--
INFO: Run Behavior\ReadHtmlCacheBehavior [ RunTime:0.003638s ]
INFO: [ app_begin ] --END-- [ RunTime:0.009055s ]

[ 2016-02-23T14:12:56+08:00 ] ::1 /aladdin/root/admin.php?s=/book/shezhi.html
INFO: [ app_init ] --START--
INFO: Run Behavior\BuildLiteBehavior [ RunTime:0.000292s ]
INFO: Run Common\Behavior\InitHookBehavior [ RunTime:0.009258s ]
INFO: [ app_init ] --END-- [ RunTime:0.014868s ]
INFO: [ app_begin ] --START--
INFO: Run Behavior\ReadHtmlCacheBehavior [ RunTime:0.002933s ]
INFO: [ app_begin ] --END-- [ RunTime:0.003980s ]

[ 2016-02-23T14:14:25+08:00 ] ::1 /aladdin/root/admin.php?s=/book/shezhi.html
INFO: [ app_init ] --START--
INFO: Run Behavior\BuildLiteBehavior [ RunTime:0.000185s ]
INFO: Run Common\Behavior\InitHookBehavior [ RunTime:0.009598s ]
INFO: [ app_init ] --END-- [ RunTime:0.011907s ]
INFO: [ app_begin ] --START--
INFO: Run Behavior\ReadHtmlCacheBehavior [ RunTime:0.001671s ]
INFO: [ app_begin ] --END-- [ RunTime:0.002414s ]

